{
"C:\\Users\\hugo\\Documents\\ITProjects\\socialup\\server\\test\\dummy.js":{"path":"C:\\Users\\hugo\\Documents\\ITProjects\\socialup\\server\\test\\dummy.js","s":{"1":1,"2":1,"3":1,"4":1,"5":1,"6":1,"7":1,"8":1},"b":{},"f":{"1":1,"2":1,"3":1},"fnMap":{"1":{"name":"(anonymous_1)","line":5,"loc":{"start":{"line":5,"column":26},"end":{"line":5,"column":37}}},"2":{"name":"(anonymous_2)","line":6,"loc":{"start":{"line":6,"column":38},"end":{"line":6,"column":49}}},"3":{"name":"(anonymous_3)","line":9,"loc":{"start":{"line":9,"column":59},"end":{"line":9,"column":70}}}},"statementMap":{"1":{"start":{"line":1,"column":0},"end":{"line":1,"column":23}},"2":{"start":{"line":2,"column":0},"end":{"line":2,"column":38}},"3":{"start":{"line":3,"column":0},"end":{"line":3,"column":31}},"4":{"start":{"line":5,"column":0},"end":{"line":13,"column":3}},"5":{"start":{"line":6,"column":4},"end":{"line":8,"column":7}},"6":{"start":{"line":7,"column":8},"end":{"line":7,"column":42}},"7":{"start":{"line":9,"column":4},"end":{"line":11,"column":7}},"8":{"start":{"line":10,"column":8},"end":{"line":10,"column":53}}},"branchMap":{},"l":{"1":1,"2":1,"3":1,"5":1,"6":1,"7":1,"9":1,"10":1}},
"C:\\Users\\hugo\\Documents\\ITProjects\\socialup\\server\\js\\dummy.js":{"path":"C:\\Users\\hugo\\Documents\\ITProjects\\socialup\\server\\js\\dummy.js","s":{"1":1,"2":1,"3":1},"b":{},"f":{"1":1},"fnMap":{"1":{"name":"emptyFunction","line":3,"loc":{"start":{"line":3,"column":0},"end":{"line":3,"column":25}}}},"statementMap":{"1":{"start":{"line":3,"column":0},"end":{"line":5,"column":1}},"2":{"start":{"line":4,"column":4},"end":{"line":4,"column":14}},"3":{"start":{"line":7,"column":0},"end":{"line":7,"column":38}}},"branchMap":{},"l":{"3":1,"4":1,"7":1}},
"C:\\Users\\hugo\\Documents\\ITProjects\\socialup\\server\\test\\googleAPI.js":{"path":"C:\\Users\\hugo\\Documents\\ITProjects\\socialup\\server\\test\\googleAPI.js","s":{"1":1,"2":1,"3":1,"4":1,"5":1,"6":1,"7":1,"8":1,"9":1,"10":1},"b":{},"f":{"1":1,"2":1,"3":1,"4":1},"fnMap":{"1":{"name":"(anonymous_1)","line":5,"loc":{"start":{"line":5,"column":28},"end":{"line":5,"column":39}}},"2":{"name":"(anonymous_2)","line":7,"loc":{"start":{"line":7,"column":25},"end":{"line":7,"column":44}}},"3":{"name":"(anonymous_3)","line":13,"loc":{"start":{"line":13,"column":42},"end":{"line":13,"column":57}}},"4":{"name":"(anonymous_4)","line":15,"loc":{"start":{"line":15,"column":87},"end":{"line":15,"column":101}}}},"statementMap":{"1":{"start":{"line":1,"column":0},"end":{"line":1,"column":23}},"2":{"start":{"line":2,"column":0},"end":{"line":2,"column":46}},"3":{"start":{"line":3,"column":0},"end":{"line":3,"column":31}},"4":{"start":{"line":5,"column":0},"end":{"line":21,"column":3}},"5":{"start":{"line":7,"column":4},"end":{"line":11,"column":7}},"6":{"start":{"line":9,"column":8},"end":{"line":9,"column":39}},"7":{"start":{"line":10,"column":8},"end":{"line":10,"column":145}},"8":{"start":{"line":13,"column":4},"end":{"line":19,"column":7}},"9":{"start":{"line":15,"column":8},"end":{"line":17,"column":11}},"10":{"start":{"line":16,"column":12},"end":{"line":16,"column":19}}},"branchMap":{},"l":{"1":1,"2":1,"3":1,"5":1,"7":1,"9":1,"10":1,"13":1,"15":1,"16":1}},
"C:\\Users\\hugo\\Documents\\ITProjects\\socialup\\server\\js\\googleAPI.js":{"path":"C:\\Users\\hugo\\Documents\\ITProjects\\socialup\\server\\js\\googleAPI.js","s":{"1":1,"2":1,"3":1,"4":1,"5":1,"6":1,"7":1,"8":1,"9":1,"10":1,"11":1,"12":1,"13":1,"14":1,"15":1,"16":1,"17":1,"18":1,"19":1,"20":0,"21":1,"22":1,"23":1,"24":1,"25":0,"26":0,"27":0,"28":0,"29":0,"30":0,"31":0,"32":0,"33":0,"34":0,"35":0,"36":0,"37":0,"38":0,"39":1,"40":0,"41":0,"42":0,"43":0,"44":0,"45":0,"46":0,"47":0,"48":0,"49":0,"50":0,"51":0,"52":0,"53":1,"54":0,"55":0,"56":0,"57":0,"58":0,"59":0,"60":0,"61":0,"62":0,"63":0,"64":0,"65":0,"66":0,"67":0,"68":0,"69":0,"70":1,"71":0,"72":0,"73":0,"74":0,"75":0,"76":1,"77":0,"78":0,"79":0,"80":0,"81":0,"82":0,"83":0,"84":1,"85":1,"86":1,"87":1,"88":1},"b":{"1":[0,1],"2":[0,0],"3":[0,0],"4":[0,0],"5":[0,0],"6":[0,0],"7":[0,0]},"f":{"1":1,"2":1,"3":1,"4":0,"5":0,"6":0,"7":0,"8":0,"9":0,"10":0,"11":0,"12":0,"13":0,"14":0,"15":0,"16":0},"fnMap":{"1":{"name":"auth","line":27,"loc":{"start":{"line":27,"column":0},"end":{"line":27,"column":16}}},"2":{"name":"pushCode","line":49,"loc":{"start":{"line":49,"column":0},"end":{"line":49,"column":24}}},"3":{"name":"(anonymous_3)","line":53,"loc":{"start":{"line":53,"column":32},"end":{"line":53,"column":54}}},"4":{"name":"sendVideo","line":66,"loc":{"start":{"line":66,"column":0},"end":{"line":66,"column":43}}},"5":{"name":"(anonymous_5)","line":99,"loc":{"start":{"line":99,"column":62},"end":{"line":99,"column":73}}},"6":{"name":"(anonymous_6)","line":103,"loc":{"start":{"line":103,"column":38},"end":{"line":103,"column":57}}},"7":{"name":"(anonymous_7)","line":108,"loc":{"start":{"line":108,"column":35},"end":{"line":108,"column":49}}},"8":{"name":"uploadDrive","line":117,"loc":{"start":{"line":117,"column":0},"end":{"line":117,"column":35}}},"9":{"name":"(anonymous_9)","line":147,"loc":{"start":{"line":147,"column":56},"end":{"line":147,"column":67}}},"10":{"name":"(anonymous_10)","line":150,"loc":{"start":{"line":150,"column":39},"end":{"line":150,"column":58}}},"11":{"name":"(anonymous_11)","line":155,"loc":{"start":{"line":155,"column":35},"end":{"line":155,"column":49}}},"12":{"name":"listFolder","line":162,"loc":{"start":{"line":162,"column":0},"end":{"line":162,"column":38}}},"13":{"name":"(anonymous_13)","line":172,"loc":{"start":{"line":172,"column":60},"end":{"line":172,"column":84}}},"14":{"name":"checkFilesData","line":190,"loc":{"start":{"line":190,"column":0},"end":{"line":190,"column":31}}},"15":{"name":"checkFileData","line":199,"loc":{"start":{"line":199,"column":0},"end":{"line":199,"column":31}}},"16":{"name":"(anonymous_16)","line":201,"loc":{"start":{"line":201,"column":37},"end":{"line":201,"column":57}}}},"statementMap":{"1":{"start":{"line":10,"column":0},"end":{"line":10,"column":35}},"2":{"start":{"line":11,"column":0},"end":{"line":11,"column":21}},"3":{"start":{"line":12,"column":0},"end":{"line":12,"column":23}},"4":{"start":{"line":14,"column":0},"end":{"line":14,"column":48}},"5":{"start":{"line":15,"column":0},"end":{"line":15,"column":56}},"6":{"start":{"line":16,"column":0},"end":{"line":16,"column":69}},"7":{"start":{"line":18,"column":0},"end":{"line":18,"column":62}},"8":{"start":{"line":20,"column":0},"end":{"line":20,"column":32}},"9":{"start":{"line":21,"column":0},"end":{"line":21,"column":85}},"10":{"start":{"line":22,"column":0},"end":{"line":22,"column":69}},"11":{"start":{"line":23,"column":0},"end":{"line":23,"column":62}},"12":{"start":{"line":27,"column":0},"end":{"line":47,"column":1}},"13":{"start":{"line":30,"column":4},"end":{"line":41,"column":6}},"14":{"start":{"line":42,"column":4},"end":{"line":45,"column":7}},"15":{"start":{"line":46,"column":4},"end":{"line":46,"column":15}},"16":{"start":{"line":49,"column":0},"end":{"line":64,"column":1}},"17":{"start":{"line":51,"column":4},"end":{"line":51,"column":29}},"18":{"start":{"line":53,"column":4},"end":{"line":62,"column":7}},"19":{"start":{"line":55,"column":8},"end":{"line":61,"column":9}},"20":{"start":{"line":57,"column":12},"end":{"line":57,"column":37}},"21":{"start":{"line":59,"column":12},"end":{"line":59,"column":65}},"22":{"start":{"line":60,"column":12},"end":{"line":60,"column":44}},"23":{"start":{"line":63,"column":4},"end":{"line":63,"column":28}},"24":{"start":{"line":66,"column":0},"end":{"line":115,"column":1}},"25":{"start":{"line":68,"column":4},"end":{"line":68,"column":51}},"26":{"start":{"line":69,"column":4},"end":{"line":69,"column":29}},"27":{"start":{"line":71,"column":4},"end":{"line":71,"column":40}},"28":{"start":{"line":73,"column":4},"end":{"line":83,"column":6}},"29":{"start":{"line":85,"column":4},"end":{"line":85,"column":41}},"30":{"start":{"line":86,"column":4},"end":{"line":87,"column":77}},"31":{"start":{"line":87,"column":8},"end":{"line":87,"column":77}},"32":{"start":{"line":89,"column":4},"end":{"line":96,"column":6}},"33":{"start":{"line":99,"column":4},"end":{"line":101,"column":7}},"34":{"start":{"line":103,"column":4},"end":{"line":106,"column":7}},"35":{"start":{"line":105,"column":8},"end":{"line":105,"column":35}},"36":{"start":{"line":108,"column":4},"end":{"line":111,"column":7}},"37":{"start":{"line":110,"column":8},"end":{"line":110,"column":40}},"38":{"start":{"line":114,"column":4},"end":{"line":114,"column":28}},"39":{"start":{"line":117,"column":0},"end":{"line":160,"column":1}},"40":{"start":{"line":118,"column":4},"end":{"line":118,"column":29}},"41":{"start":{"line":120,"column":4},"end":{"line":120,"column":40}},"42":{"start":{"line":122,"column":4},"end":{"line":132,"column":6}},"43":{"start":{"line":134,"column":4},"end":{"line":134,"column":41}},"44":{"start":{"line":135,"column":4},"end":{"line":136,"column":77}},"45":{"start":{"line":136,"column":8},"end":{"line":136,"column":77}},"46":{"start":{"line":138,"column":4},"end":{"line":145,"column":6}},"47":{"start":{"line":147,"column":4},"end":{"line":149,"column":7}},"48":{"start":{"line":150,"column":5},"end":{"line":153,"column":7}},"49":{"start":{"line":152,"column":8},"end":{"line":152,"column":35}},"50":{"start":{"line":155,"column":4},"end":{"line":158,"column":7}},"51":{"start":{"line":157,"column":8},"end":{"line":157,"column":40}},"52":{"start":{"line":159,"column":4},"end":{"line":159,"column":28}},"53":{"start":{"line":162,"column":0},"end":{"line":188,"column":1}},"54":{"start":{"line":164,"column":4},"end":{"line":164,"column":29}},"55":{"start":{"line":165,"column":4},"end":{"line":166,"column":24}},"56":{"start":{"line":166,"column":8},"end":{"line":166,"column":24}},"57":{"start":{"line":168,"column":4},"end":{"line":168,"column":40}},"58":{"start":{"line":170,"column":4},"end":{"line":170,"column":33}},"59":{"start":{"line":172,"column":4},"end":{"line":186,"column":7}},"60":{"start":{"line":173,"column":8},"end":{"line":177,"column":9}},"61":{"start":{"line":174,"column":10},"end":{"line":174,"column":59}},"62":{"start":{"line":175,"column":10},"end":{"line":175,"column":42}},"63":{"start":{"line":176,"column":10},"end":{"line":176,"column":17}},"64":{"start":{"line":179,"column":8},"end":{"line":179,"column":35}},"65":{"start":{"line":180,"column":8},"end":{"line":185,"column":9}},"66":{"start":{"line":181,"column":12},"end":{"line":181,"column":43}},"67":{"start":{"line":182,"column":12},"end":{"line":182,"column":31}},"68":{"start":{"line":184,"column":12},"end":{"line":184,"column":52}},"69":{"start":{"line":187,"column":4},"end":{"line":187,"column":28}},"70":{"start":{"line":190,"column":0},"end":{"line":197,"column":1}},"71":{"start":{"line":191,"column":4},"end":{"line":191,"column":21}},"72":{"start":{"line":192,"column":4},"end":{"line":195,"column":5}},"73":{"start":{"line":193,"column":8},"end":{"line":193,"column":28}},"74":{"start":{"line":194,"column":8},"end":{"line":194,"column":45}},"75":{"start":{"line":196,"column":4},"end":{"line":196,"column":26}},"76":{"start":{"line":199,"column":0},"end":{"line":213,"column":1}},"77":{"start":{"line":200,"column":4},"end":{"line":200,"column":29}},"78":{"start":{"line":201,"column":4},"end":{"line":211,"column":7}},"79":{"start":{"line":202,"column":8},"end":{"line":210,"column":9}},"80":{"start":{"line":203,"column":12},"end":{"line":203,"column":63}},"81":{"start":{"line":204,"column":12},"end":{"line":204,"column":33}},"82":{"start":{"line":207,"column":12},"end":{"line":209,"column":15}},"83":{"start":{"line":212,"column":4},"end":{"line":212,"column":28}},"84":{"start":{"line":215,"column":0},"end":{"line":215,"column":28}},"85":{"start":{"line":216,"column":0},"end":{"line":216,"column":18}},"86":{"start":{"line":217,"column":0},"end":{"line":217,"column":26}},"87":{"start":{"line":219,"column":0},"end":{"line":219,"column":30}},"88":{"start":{"line":220,"column":0},"end":{"line":220,"column":32}}},"branchMap":{"1":{"line":55,"type":"if","locations":[{"start":{"line":55,"column":8},"end":{"line":55,"column":8}},{"start":{"line":55,"column":8},"end":{"line":55,"column":8}}]},"2":{"line":86,"type":"if","locations":[{"start":{"line":86,"column":4},"end":{"line":86,"column":4}},{"start":{"line":86,"column":4},"end":{"line":86,"column":4}}]},"3":{"line":135,"type":"if","locations":[{"start":{"line":135,"column":4},"end":{"line":135,"column":4}},{"start":{"line":135,"column":4},"end":{"line":135,"column":4}}]},"4":{"line":165,"type":"if","locations":[{"start":{"line":165,"column":4},"end":{"line":165,"column":4}},{"start":{"line":165,"column":4},"end":{"line":165,"column":4}}]},"5":{"line":173,"type":"if","locations":[{"start":{"line":173,"column":8},"end":{"line":173,"column":8}},{"start":{"line":173,"column":8},"end":{"line":173,"column":8}}]},"6":{"line":180,"type":"if","locations":[{"start":{"line":180,"column":8},"end":{"line":180,"column":8}},{"start":{"line":180,"column":8},"end":{"line":180,"column":8}}]},"7":{"line":202,"type":"if","locations":[{"start":{"line":202,"column":8},"end":{"line":202,"column":8}},{"start":{"line":202,"column":8},"end":{"line":202,"column":8}}]}},"l":{"10":1,"11":1,"12":1,"14":1,"15":1,"16":1,"18":1,"20":1,"21":1,"22":1,"23":1,"27":1,"30":1,"42":1,"46":1,"49":1,"51":1,"53":1,"55":1,"57":0,"59":1,"60":1,"63":1,"66":1,"68":0,"69":0,"71":0,"73":0,"85":0,"86":0,"87":0,"89":0,"99":0,"103":0,"105":0,"108":0,"110":0,"114":0,"117":1,"118":0,"120":0,"122":0,"134":0,"135":0,"136":0,"138":0,"147":0,"150":0,"152":0,"155":0,"157":0,"159":0,"162":1,"164":0,"165":0,"166":0,"168":0,"170":0,"172":0,"173":0,"174":0,"175":0,"176":0,"179":0,"180":0,"181":0,"182":0,"184":0,"187":0,"190":1,"191":0,"192":0,"193":0,"194":0,"196":0,"199":1,"200":0,"201":0,"202":0,"203":0,"204":0,"207":0,"212":0,"215":1,"216":1,"217":1,"219":1,"220":1}},
"C:\\Users\\hugo\\Documents\\ITProjects\\socialup\\server\\test\\oauth_nonce.js":{"path":"C:\\Users\\hugo\\Documents\\ITProjects\\socialup\\server\\test\\oauth_nonce.js","s":{"1":1,"2":1,"3":1,"4":1,"5":1,"6":1,"7":1,"8":1,"9":1,"10":1,"11":1,"12":1,"13":1},"b":{},"f":{"1":1,"2":1,"3":1,"4":1},"fnMap":{"1":{"name":"(anonymous_1)","line":5,"loc":{"start":{"line":5,"column":38},"end":{"line":5,"column":49}}},"2":{"name":"(anonymous_2)","line":7,"loc":{"start":{"line":7,"column":25},"end":{"line":7,"column":36}}},"3":{"name":"(anonymous_3)","line":14,"loc":{"start":{"line":14,"column":26},"end":{"line":14,"column":41}}},"4":{"name":"(anonymous_4)","line":16,"loc":{"start":{"line":16,"column":31},"end":{"line":16,"column":47}}}},"statementMap":{"1":{"start":{"line":1,"column":0},"end":{"line":1,"column":23}},"2":{"start":{"line":2,"column":0},"end":{"line":2,"column":49}},"3":{"start":{"line":3,"column":0},"end":{"line":3,"column":31}},"4":{"start":{"line":5,"column":0},"end":{"line":24,"column":3}},"5":{"start":{"line":7,"column":4},"end":{"line":12,"column":7}},"6":{"start":{"line":9,"column":8},"end":{"line":9,"column":33}},"7":{"start":{"line":10,"column":8},"end":{"line":10,"column":28}},"8":{"start":{"line":11,"column":8},"end":{"line":11,"column":49}},"9":{"start":{"line":14,"column":4},"end":{"line":22,"column":7}},"10":{"start":{"line":16,"column":8},"end":{"line":20,"column":11}},"11":{"start":{"line":17,"column":12},"end":{"line":17,"column":53}},"12":{"start":{"line":18,"column":12},"end":{"line":18,"column":32}},"13":{"start":{"line":19,"column":12},"end":{"line":19,"column":19}}},"branchMap":{},"l":{"1":1,"2":1,"3":1,"5":1,"7":1,"9":1,"10":1,"11":1,"14":1,"16":1,"17":1,"18":1,"19":1}},
"C:\\Users\\hugo\\Documents\\ITProjects\\socialup\\server\\js\\oauth_nonce.js":{"path":"C:\\Users\\hugo\\Documents\\ITProjects\\socialup\\server\\js\\oauth_nonce.js","s":{"1":1,"2":1,"3":2,"4":1,"5":2,"6":1,"7":1,"8":0,"9":1,"10":1},"b":{"1":[1,1],"2":[2,1],"3":[0,1]},"f":{"1":2,"2":2,"3":1},"fnMap":{"1":{"name":"(anonymous_1)","line":5,"loc":{"start":{"line":5,"column":16},"end":{"line":5,"column":32}}},"2":{"name":"(anonymous_2)","line":12,"loc":{"start":{"line":12,"column":17},"end":{"line":12,"column":36}}},"3":{"name":"(anonymous_3)","line":17,"loc":{"start":{"line":17,"column":31},"end":{"line":17,"column":51}}}},"statementMap":{"1":{"start":{"line":3,"column":0},"end":{"line":3,"column":31}},"2":{"start":{"line":5,"column":0},"end":{"line":9,"column":2}},"3":{"start":{"line":7,"column":2},"end":{"line":7,"column":58}},"4":{"start":{"line":12,"column":0},"end":{"line":28,"column":2}},"5":{"start":{"line":15,"column":4},"end":{"line":26,"column":5}},"6":{"start":{"line":17,"column":8},"end":{"line":21,"column":11}},"7":{"start":{"line":18,"column":12},"end":{"line":19,"column":25}},"8":{"start":{"line":19,"column":16},"end":{"line":19,"column":25}},"9":{"start":{"line":20,"column":12},"end":{"line":20,"column":39}},"10":{"start":{"line":25,"column":8},"end":{"line":25,"column":51}}},"branchMap":{"1":{"line":15,"type":"if","locations":[{"start":{"line":15,"column":4},"end":{"line":15,"column":4}},{"start":{"line":15,"column":4},"end":{"line":15,"column":4}}]},"2":{"line":15,"type":"binary-expr","locations":[{"start":{"line":15,"column":8},"end":{"line":15,"column":16}},{"start":{"line":15,"column":20},"end":{"line":15,"column":50}}]},"3":{"line":18,"type":"if","locations":[{"start":{"line":18,"column":12},"end":{"line":18,"column":12}},{"start":{"line":18,"column":12},"end":{"line":18,"column":12}}]}},"l":{"3":1,"5":1,"7":2,"12":1,"15":2,"17":1,"18":1,"19":0,"20":1,"25":1}},
"C:\\Users\\hugo\\Documents\\ITProjects\\socialup\\server\\test\\scheduler.js":{"path":"C:\\Users\\hugo\\Documents\\ITProjects\\socialup\\server\\test\\scheduler.js","s":{"1":1,"2":1,"3":1,"4":1,"5":1,"6":1,"7":0,"8":1,"9":1,"10":1,"11":1,"12":1,"13":1,"14":1,"15":1,"16":1,"17":1,"18":1,"19":1,"20":1,"21":1,"22":1,"23":1,"24":1,"25":1,"26":1,"27":1,"28":1,"29":1,"30":1,"31":1,"32":1,"33":1,"34":1,"35":1,"36":1,"37":1,"38":1,"39":1,"40":1,"41":1,"42":1,"43":1,"44":1,"45":1,"46":1,"47":1,"48":1,"49":1,"50":1,"51":1,"52":1,"53":1,"54":1,"55":1,"56":1,"57":1,"58":1,"59":1,"60":1,"61":1,"62":1,"63":1,"64":1,"65":1,"66":1,"67":1,"68":1,"69":1,"70":1,"71":1,"72":0,"73":0,"74":1,"75":1,"76":1,"77":1,"78":1,"79":1,"80":1,"81":1,"82":1,"83":0,"84":0},"b":{"1":[1,0]},"f":{"1":1,"2":1,"3":1,"4":1,"5":1,"6":1,"7":1,"8":1,"9":1,"10":1,"11":1,"12":1,"13":1,"14":1,"15":1,"16":0,"17":1,"18":1,"19":0},"fnMap":{"1":{"name":"(anonymous_1)","line":13,"loc":{"start":{"line":13,"column":36},"end":{"line":13,"column":47}}},"2":{"name":"(anonymous_2)","line":18,"loc":{"start":{"line":18,"column":47},"end":{"line":18,"column":62}}},"3":{"name":"(anonymous_3)","line":21,"loc":{"start":{"line":21,"column":20},"end":{"line":21,"column":36}}},"4":{"name":"(anonymous_4)","line":32,"loc":{"start":{"line":32,"column":43},"end":{"line":32,"column":58}}},"5":{"name":"(anonymous_5)","line":35,"loc":{"start":{"line":35,"column":20},"end":{"line":35,"column":53}}},"6":{"name":"(anonymous_6)","line":46,"loc":{"start":{"line":46,"column":30},"end":{"line":46,"column":45}}},"7":{"name":"(anonymous_7)","line":51,"loc":{"start":{"line":51,"column":20},"end":{"line":51,"column":36}}},"8":{"name":"(anonymous_8)","line":63,"loc":{"start":{"line":63,"column":45},"end":{"line":63,"column":56}}},"9":{"name":"(anonymous_9)","line":71,"loc":{"start":{"line":71,"column":56},"end":{"line":71,"column":67}}},"10":{"name":"(anonymous_10)","line":75,"loc":{"start":{"line":75,"column":36},"end":{"line":75,"column":51}}},"11":{"name":"(anonymous_11)","line":78,"loc":{"start":{"line":78,"column":20},"end":{"line":78,"column":31}}},"12":{"name":"(anonymous_12)","line":89,"loc":{"start":{"line":89,"column":61},"end":{"line":89,"column":76}}},"13":{"name":"(anonymous_13)","line":94,"loc":{"start":{"line":94,"column":20},"end":{"line":94,"column":36}}},"14":{"name":"finish","line":98,"loc":{"start":{"line":98,"column":8},"end":{"line":98,"column":31}}},"15":{"name":"(anonymous_15)","line":112,"loc":{"start":{"line":112,"column":79},"end":{"line":112,"column":96}}},"16":{"name":"(anonymous_16)","line":114,"loc":{"start":{"line":114,"column":11},"end":{"line":114,"column":25}}},"17":{"name":"(anonymous_17)","line":121,"loc":{"start":{"line":121,"column":70},"end":{"line":121,"column":85}}},"18":{"name":"(anonymous_18)","line":133,"loc":{"start":{"line":133,"column":70},"end":{"line":133,"column":87}}},"19":{"name":"(anonymous_19)","line":136,"loc":{"start":{"line":136,"column":11},"end":{"line":136,"column":25}}}},"statementMap":{"1":{"start":{"line":1,"column":0},"end":{"line":1,"column":23}},"2":{"start":{"line":2,"column":0},"end":{"line":2,"column":31}},"3":{"start":{"line":3,"column":0},"end":{"line":3,"column":31}},"4":{"start":{"line":5,"column":0},"end":{"line":10,"column":5}},"5":{"start":{"line":6,"column":4},"end":{"line":10,"column":5}},"6":{"start":{"line":7,"column":8},"end":{"line":7,"column":41}},"7":{"start":{"line":9,"column":8},"end":{"line":9,"column":52}},"8":{"start":{"line":11,"column":0},"end":{"line":11,"column":46}},"9":{"start":{"line":13,"column":0},"end":{"line":142,"column":3}},"10":{"start":{"line":15,"column":4},"end":{"line":15,"column":29}},"11":{"start":{"line":16,"column":4},"end":{"line":16,"column":34}},"12":{"start":{"line":18,"column":4},"end":{"line":30,"column":7}},"13":{"start":{"line":20,"column":8},"end":{"line":20,"column":53}},"14":{"start":{"line":21,"column":8},"end":{"line":25,"column":10}},"15":{"start":{"line":22,"column":12},"end":{"line":22,"column":53}},"16":{"start":{"line":23,"column":12},"end":{"line":23,"column":45}},"17":{"start":{"line":24,"column":12},"end":{"line":24,"column":19}},"18":{"start":{"line":27,"column":8},"end":{"line":27,"column":53}},"19":{"start":{"line":28,"column":8},"end":{"line":28,"column":76}},"20":{"start":{"line":29,"column":8},"end":{"line":29,"column":41}},"21":{"start":{"line":32,"column":4},"end":{"line":44,"column":7}},"22":{"start":{"line":34,"column":8},"end":{"line":34,"column":53}},"23":{"start":{"line":35,"column":8},"end":{"line":40,"column":10}},"24":{"start":{"line":36,"column":12},"end":{"line":36,"column":47}},"25":{"start":{"line":37,"column":12},"end":{"line":37,"column":47}},"26":{"start":{"line":38,"column":12},"end":{"line":38,"column":47}},"27":{"start":{"line":39,"column":12},"end":{"line":39,"column":19}},"28":{"start":{"line":41,"column":8},"end":{"line":41,"column":53}},"29":{"start":{"line":42,"column":8},"end":{"line":42,"column":97}},"30":{"start":{"line":43,"column":8},"end":{"line":43,"column":41}},"31":{"start":{"line":46,"column":4},"end":{"line":61,"column":7}},"32":{"start":{"line":47,"column":8},"end":{"line":47,"column":27}},"33":{"start":{"line":49,"column":8},"end":{"line":49,"column":47}},"34":{"start":{"line":50,"column":8},"end":{"line":50,"column":20}},"35":{"start":{"line":51,"column":8},"end":{"line":57,"column":10}},"36":{"start":{"line":52,"column":12},"end":{"line":52,"column":38}},"37":{"start":{"line":53,"column":12},"end":{"line":53,"column":50}},"38":{"start":{"line":55,"column":12},"end":{"line":55,"column":63}},"39":{"start":{"line":56,"column":12},"end":{"line":56,"column":19}},"40":{"start":{"line":58,"column":8},"end":{"line":58,"column":53}},"41":{"start":{"line":59,"column":8},"end":{"line":59,"column":79}},"42":{"start":{"line":60,"column":8},"end":{"line":60,"column":41}},"43":{"start":{"line":63,"column":4},"end":{"line":69,"column":7}},"44":{"start":{"line":65,"column":8},"end":{"line":65,"column":50}},"45":{"start":{"line":66,"column":8},"end":{"line":66,"column":70}},"46":{"start":{"line":67,"column":8},"end":{"line":67,"column":41}},"47":{"start":{"line":68,"column":8},"end":{"line":68,"column":58}},"48":{"start":{"line":71,"column":4},"end":{"line":73,"column":7}},"49":{"start":{"line":72,"column":8},"end":{"line":72,"column":68}},"50":{"start":{"line":75,"column":4},"end":{"line":87,"column":7}},"51":{"start":{"line":77,"column":8},"end":{"line":77,"column":58}},"52":{"start":{"line":78,"column":8},"end":{"line":82,"column":10}},"53":{"start":{"line":79,"column":12},"end":{"line":79,"column":53}},"54":{"start":{"line":80,"column":12},"end":{"line":80,"column":49}},"55":{"start":{"line":81,"column":12},"end":{"line":81,"column":19}},"56":{"start":{"line":83,"column":8},"end":{"line":83,"column":53}},"57":{"start":{"line":84,"column":8},"end":{"line":84,"column":47}},"58":{"start":{"line":85,"column":8},"end":{"line":85,"column":74}},"59":{"start":{"line":89,"column":4},"end":{"line":119,"column":7}},"60":{"start":{"line":90,"column":8},"end":{"line":90,"column":27}},"61":{"start":{"line":92,"column":8},"end":{"line":92,"column":47}},"62":{"start":{"line":93,"column":8},"end":{"line":93,"column":20}},"63":{"start":{"line":94,"column":8},"end":{"line":96,"column":10}},"64":{"start":{"line":95,"column":12},"end":{"line":95,"column":26}},"65":{"start":{"line":98,"column":8},"end":{"line":110,"column":9}},"66":{"start":{"line":99,"column":12},"end":{"line":99,"column":58}},"67":{"start":{"line":100,"column":12},"end":{"line":100,"column":50}},"68":{"start":{"line":109,"column":12},"end":{"line":109,"column":19}},"69":{"start":{"line":111,"column":8},"end":{"line":111,"column":53}},"70":{"start":{"line":112,"column":8},"end":{"line":117,"column":11}},"71":{"start":{"line":113,"column":12},"end":{"line":113,"column":27}},"72":{"start":{"line":115,"column":12},"end":{"line":115,"column":64}},"73":{"start":{"line":116,"column":12},"end":{"line":116,"column":22}},"74":{"start":{"line":121,"column":4},"end":{"line":140,"column":7}},"75":{"start":{"line":123,"column":8},"end":{"line":123,"column":58}},"76":{"start":{"line":124,"column":8},"end":{"line":124,"column":44}},"77":{"start":{"line":125,"column":8},"end":{"line":125,"column":27}},"78":{"start":{"line":127,"column":8},"end":{"line":127,"column":47}},"79":{"start":{"line":132,"column":8},"end":{"line":132,"column":53}},"80":{"start":{"line":133,"column":8},"end":{"line":139,"column":11}},"81":{"start":{"line":134,"column":12},"end":{"line":134,"column":44}},"82":{"start":{"line":135,"column":12},"end":{"line":135,"column":19}},"83":{"start":{"line":137,"column":12},"end":{"line":137,"column":64}},"84":{"start":{"line":138,"column":12},"end":{"line":138,"column":22}}},"branchMap":{"1":{"line":5,"type":"if","locations":[{"start":{"line":5,"column":0},"end":{"line":5,"column":0}},{"start":{"line":5,"column":0},"end":{"line":5,"column":0}}]}},"l":{"1":1,"2":1,"3":1,"5":1,"6":1,"7":1,"9":0,"11":1,"13":1,"15":1,"16":1,"18":1,"20":1,"21":1,"22":1,"23":1,"24":1,"27":1,"28":1,"29":1,"32":1,"34":1,"35":1,"36":1,"37":1,"38":1,"39":1,"41":1,"42":1,"43":1,"46":1,"47":1,"49":1,"50":1,"51":1,"52":1,"53":1,"55":1,"56":1,"58":1,"59":1,"60":1,"63":1,"65":1,"66":1,"67":1,"68":1,"71":1,"72":1,"75":1,"77":1,"78":1,"79":1,"80":1,"81":1,"83":1,"84":1,"85":1,"89":1,"90":1,"92":1,"93":1,"94":1,"95":1,"98":1,"99":1,"100":1,"109":1,"111":1,"112":1,"113":1,"115":0,"116":0,"121":1,"123":1,"124":1,"125":1,"127":1,"132":1,"133":1,"134":1,"135":1,"137":0,"138":0}},
"C:\\Users\\hugo\\Documents\\ITProjects\\socialup\\server\\js\\scheduler.js":{"path":"C:\\Users\\hugo\\Documents\\ITProjects\\socialup\\server\\js\\scheduler.js","s":{"1":1,"2":1,"3":1,"4":1,"5":1,"6":1,"7":1,"8":1,"9":1,"10":1,"11":6,"12":1,"13":7,"14":7,"15":7,"16":1,"17":7,"18":1,"19":7,"20":5,"21":5,"22":5,"23":5,"24":5,"25":5,"26":5,"27":0,"28":7,"29":1,"30":3,"31":1,"32":2,"33":2,"34":2,"35":1,"36":7,"37":38,"38":6,"39":6,"40":1,"41":1,"42":2,"43":2,"44":2,"45":2,"46":2,"47":2,"48":2,"49":0,"50":2,"51":2,"52":1,"53":0,"54":0,"55":0,"56":0,"57":0,"58":0,"59":0,"60":0,"61":1,"62":2,"63":2,"64":0,"65":2,"66":1,"67":0,"68":0,"69":0,"70":0,"71":0,"72":0,"73":0,"74":0,"75":0,"76":1,"77":0,"78":0,"79":0,"80":0,"81":0,"82":0,"83":0,"84":0,"85":0,"86":1,"87":0,"88":0,"89":0,"90":0,"91":0,"92":0,"93":1,"94":1,"95":1,"96":1,"97":1},"b":{"1":[1,6],"2":[0,5],"3":[1,2],"4":[6,32],"5":[0,2],"6":[0,0],"7":[0,2],"8":[0,0],"9":[0,0],"10":[0,0]},"f":{"1":6,"2":7,"3":7,"4":5,"5":3,"6":7,"7":2,"8":2,"9":2,"10":0,"11":0,"12":0,"13":2,"14":2,"15":0,"16":0,"17":0,"18":0,"19":0,"20":0,"21":0,"22":0,"23":0,"24":0},"fnMap":{"1":{"name":"(anonymous_1)","line":16,"loc":{"start":{"line":16,"column":28},"end":{"line":16,"column":54}}},"2":{"name":"scheduleEvent","line":22,"loc":{"start":{"line":22,"column":0},"end":{"line":22,"column":65}}},"3":{"name":"addEventToSchedule","line":32,"loc":{"start":{"line":32,"column":0},"end":{"line":32,"column":79}}},"4":{"name":"(anonymous_4)","line":38,"loc":{"start":{"line":38,"column":40},"end":{"line":38,"column":51}}},"5":{"name":"cancelEvent","line":80,"loc":{"start":{"line":80,"column":0},"end":{"line":80,"column":30}}},"6":{"name":"deleteEventFromUser","line":91,"loc":{"start":{"line":91,"column":0},"end":{"line":91,"column":44}}},"7":{"name":"saveScheduledEvent","line":104,"loc":{"start":{"line":104,"column":0},"end":{"line":104,"column":60}}},"8":{"name":"(anonymous_8)","line":115,"loc":{"start":{"line":115,"column":10},"end":{"line":115,"column":23}}},"9":{"name":"(anonymous_9)","line":118,"loc":{"start":{"line":118,"column":54},"end":{"line":118,"column":81}}},"10":{"name":"updateEventAfterExecution","line":131,"loc":{"start":{"line":131,"column":0},"end":{"line":131,"column":52}}},"11":{"name":"(anonymous_11)","line":134,"loc":{"start":{"line":134,"column":10},"end":{"line":134,"column":23}}},"12":{"name":"(anonymous_12)","line":136,"loc":{"start":{"line":136,"column":85},"end":{"line":136,"column":102}}},"13":{"name":"getDB","line":148,"loc":{"start":{"line":148,"column":0},"end":{"line":148,"column":25}}},"14":{"name":"(anonymous_14)","line":149,"loc":{"start":{"line":149,"column":30},"end":{"line":149,"column":48}}},"15":{"name":"deleteScheduledEvent","line":157,"loc":{"start":{"line":157,"column":0},"end":{"line":157,"column":39}}},"16":{"name":"(anonymous_16)","line":161,"loc":{"start":{"line":161,"column":10},"end":{"line":161,"column":23}}},"17":{"name":"(anonymous_17)","line":164,"loc":{"start":{"line":164,"column":57},"end":{"line":164,"column":74}}},"18":{"name":"retrieveEvents","line":178,"loc":{"start":{"line":178,"column":0},"end":{"line":178,"column":26}}},"19":{"name":"(anonymous_19)","line":181,"loc":{"start":{"line":181,"column":10},"end":{"line":181,"column":23}}},"20":{"name":"(anonymous_20)","line":182,"loc":{"start":{"line":182,"column":74},"end":{"line":182,"column":97}}},"21":{"name":"loadScheduledEvents","line":195,"loc":{"start":{"line":195,"column":0},"end":{"line":195,"column":31}}},"22":{"name":"(anonymous_22)","line":197,"loc":{"start":{"line":197,"column":26},"end":{"line":197,"column":44}}},"23":{"name":"(anonymous_23)","line":200,"loc":{"start":{"line":200,"column":28},"end":{"line":200,"column":45}}},"24":{"name":"(anonymous_24)","line":203,"loc":{"start":{"line":203,"column":7},"end":{"line":203,"column":21}}}},"statementMap":{"1":{"start":{"line":2,"column":0},"end":{"line":2,"column":40}},"2":{"start":{"line":3,"column":0},"end":{"line":3,"column":21}},"3":{"start":{"line":4,"column":0},"end":{"line":4,"column":49}},"4":{"start":{"line":7,"column":0},"end":{"line":7,"column":21}},"5":{"start":{"line":8,"column":0},"end":{"line":8,"column":35}},"6":{"start":{"line":9,"column":0},"end":{"line":9,"column":35}},"7":{"start":{"line":10,"column":0},"end":{"line":10,"column":24}},"8":{"start":{"line":11,"column":0},"end":{"line":11,"column":31}},"9":{"start":{"line":14,"column":0},"end":{"line":14,"column":45}},"10":{"start":{"line":16,"column":0},"end":{"line":18,"column":2}},"11":{"start":{"line":17,"column":4},"end":{"line":17,"column":46}},"12":{"start":{"line":22,"column":0},"end":{"line":30,"column":1}},"13":{"start":{"line":24,"column":4},"end":{"line":24,"column":42}},"14":{"start":{"line":27,"column":4},"end":{"line":27,"column":74}},"15":{"start":{"line":29,"column":4},"end":{"line":29,"column":19}},"16":{"start":{"line":32,"column":0},"end":{"line":78,"column":1}},"17":{"start":{"line":35,"column":4},"end":{"line":36,"column":53}},"18":{"start":{"line":36,"column":8},"end":{"line":36,"column":53}},"19":{"start":{"line":38,"column":4},"end":{"line":76,"column":7}},"20":{"start":{"line":40,"column":8},"end":{"line":40,"column":43}},"21":{"start":{"line":43,"column":8},"end":{"line":43,"column":44}},"22":{"start":{"line":46,"column":8},"end":{"line":46,"column":27}},"23":{"start":{"line":47,"column":8},"end":{"line":47,"column":40}},"24":{"start":{"line":49,"column":8},"end":{"line":49,"column":36}},"25":{"start":{"line":51,"column":8},"end":{"line":51,"column":71}},"26":{"start":{"line":52,"column":8},"end":{"line":54,"column":9}},"27":{"start":{"line":53,"column":12},"end":{"line":53,"column":64}},"28":{"start":{"line":77,"column":4},"end":{"line":77,"column":39}},"29":{"start":{"line":80,"column":0},"end":{"line":89,"column":1}},"30":{"start":{"line":82,"column":4},"end":{"line":88,"column":5}},"31":{"start":{"line":83,"column":8},"end":{"line":83,"column":21}},"32":{"start":{"line":85,"column":8},"end":{"line":85,"column":40}},"33":{"start":{"line":86,"column":8},"end":{"line":86,"column":49}},"34":{"start":{"line":87,"column":8},"end":{"line":87,"column":50}},"35":{"start":{"line":91,"column":0},"end":{"line":101,"column":1}},"36":{"start":{"line":94,"column":4},"end":{"line":99,"column":5}},"37":{"start":{"line":95,"column":8},"end":{"line":98,"column":9}},"38":{"start":{"line":96,"column":12},"end":{"line":96,"column":43}},"39":{"start":{"line":97,"column":12},"end":{"line":97,"column":24}},"40":{"start":{"line":100,"column":4},"end":{"line":100,"column":17}},"41":{"start":{"line":104,"column":0},"end":{"line":129,"column":1}},"42":{"start":{"line":106,"column":4},"end":{"line":106,"column":29}},"43":{"start":{"line":108,"column":4},"end":{"line":113,"column":6}},"44":{"start":{"line":115,"column":4},"end":{"line":127,"column":7}},"45":{"start":{"line":116,"column":8},"end":{"line":116,"column":90}},"46":{"start":{"line":118,"column":8},"end":{"line":125,"column":11}},"47":{"start":{"line":119,"column":12},"end":{"line":119,"column":23}},"48":{"start":{"line":120,"column":12},"end":{"line":124,"column":13}},"49":{"start":{"line":121,"column":16},"end":{"line":121,"column":48}},"50":{"start":{"line":123,"column":16},"end":{"line":123,"column":42}},"51":{"start":{"line":128,"column":4},"end":{"line":128,"column":28}},"52":{"start":{"line":131,"column":0},"end":{"line":146,"column":1}},"53":{"start":{"line":133,"column":4},"end":{"line":133,"column":29}},"54":{"start":{"line":134,"column":4},"end":{"line":144,"column":7}},"55":{"start":{"line":136,"column":8},"end":{"line":143,"column":11}},"56":{"start":{"line":138,"column":12},"end":{"line":138,"column":23}},"57":{"start":{"line":139,"column":12},"end":{"line":142,"column":53}},"58":{"start":{"line":140,"column":16},"end":{"line":140,"column":48}},"59":{"start":{"line":142,"column":16},"end":{"line":142,"column":53}},"60":{"start":{"line":145,"column":4},"end":{"line":145,"column":28}},"61":{"start":{"line":148,"column":0},"end":{"line":155,"column":1}},"62":{"start":{"line":149,"column":5},"end":{"line":154,"column":8}},"63":{"start":{"line":150,"column":9},"end":{"line":153,"column":26}},"64":{"start":{"line":151,"column":13},"end":{"line":151,"column":23}},"65":{"start":{"line":153,"column":13},"end":{"line":153,"column":26}},"66":{"start":{"line":157,"column":0},"end":{"line":175,"column":1}},"67":{"start":{"line":159,"column":4},"end":{"line":159,"column":29}},"68":{"start":{"line":161,"column":4},"end":{"line":173,"column":7}},"69":{"start":{"line":162,"column":8},"end":{"line":162,"column":46}},"70":{"start":{"line":164,"column":9},"end":{"line":172,"column":11}},"71":{"start":{"line":165,"column":12},"end":{"line":165,"column":23}},"72":{"start":{"line":166,"column":12},"end":{"line":171,"column":13}},"73":{"start":{"line":167,"column":16},"end":{"line":167,"column":48}},"74":{"start":{"line":170,"column":16},"end":{"line":170,"column":45}},"75":{"start":{"line":174,"column":4},"end":{"line":174,"column":28}},"76":{"start":{"line":178,"column":0},"end":{"line":193,"column":1}},"77":{"start":{"line":179,"column":4},"end":{"line":179,"column":29}},"78":{"start":{"line":181,"column":4},"end":{"line":191,"column":7}},"79":{"start":{"line":182,"column":8},"end":{"line":190,"column":11}},"80":{"start":{"line":183,"column":12},"end":{"line":183,"column":23}},"81":{"start":{"line":184,"column":12},"end":{"line":189,"column":13}},"82":{"start":{"line":185,"column":16},"end":{"line":185,"column":48}},"83":{"start":{"line":187,"column":16},"end":{"line":187,"column":49}},"84":{"start":{"line":188,"column":16},"end":{"line":188,"column":42}},"85":{"start":{"line":192,"column":4},"end":{"line":192,"column":28}},"86":{"start":{"line":195,"column":0},"end":{"line":206,"column":1}},"87":{"start":{"line":197,"column":4},"end":{"line":205,"column":7}},"88":{"start":{"line":198,"column":8},"end":{"line":198,"column":56}},"89":{"start":{"line":199,"column":8},"end":{"line":202,"column":15}},"90":{"start":{"line":200,"column":12},"end":{"line":202,"column":15}},"91":{"start":{"line":201,"column":16},"end":{"line":201,"column":111}},"92":{"start":{"line":204,"column":8},"end":{"line":204,"column":63}},"93":{"start":{"line":208,"column":0},"end":{"line":208,"column":36}},"94":{"start":{"line":209,"column":0},"end":{"line":209,"column":32}},"95":{"start":{"line":210,"column":0},"end":{"line":210,"column":46}},"96":{"start":{"line":211,"column":0},"end":{"line":211,"column":50}},"97":{"start":{"line":212,"column":0},"end":{"line":212,"column":48}}},"branchMap":{"1":{"line":35,"type":"if","locations":[{"start":{"line":35,"column":4},"end":{"line":35,"column":4}},{"start":{"line":35,"column":4},"end":{"line":35,"column":4}}]},"2":{"line":52,"type":"if","locations":[{"start":{"line":52,"column":8},"end":{"line":52,"column":8}},{"start":{"line":52,"column":8},"end":{"line":52,"column":8}}]},"3":{"line":82,"type":"if","locations":[{"start":{"line":82,"column":4},"end":{"line":82,"column":4}},{"start":{"line":82,"column":4},"end":{"line":82,"column":4}}]},"4":{"line":95,"type":"if","locations":[{"start":{"line":95,"column":8},"end":{"line":95,"column":8}},{"start":{"line":95,"column":8},"end":{"line":95,"column":8}}]},"5":{"line":120,"type":"if","locations":[{"start":{"line":120,"column":12},"end":{"line":120,"column":12}},{"start":{"line":120,"column":12},"end":{"line":120,"column":12}}]},"6":{"line":139,"type":"if","locations":[{"start":{"line":139,"column":12},"end":{"line":139,"column":12}},{"start":{"line":139,"column":12},"end":{"line":139,"column":12}}]},"7":{"line":150,"type":"if","locations":[{"start":{"line":150,"column":9},"end":{"line":150,"column":9}},{"start":{"line":150,"column":9},"end":{"line":150,"column":9}}]},"8":{"line":166,"type":"if","locations":[{"start":{"line":166,"column":12},"end":{"line":166,"column":12}},{"start":{"line":166,"column":12},"end":{"line":166,"column":12}}]},"9":{"line":184,"type":"if","locations":[{"start":{"line":184,"column":12},"end":{"line":184,"column":12}},{"start":{"line":184,"column":12},"end":{"line":184,"column":12}}]},"10":{"line":199,"type":"if","locations":[{"start":{"line":199,"column":8},"end":{"line":199,"column":8}},{"start":{"line":199,"column":8},"end":{"line":199,"column":8}}]}},"l":{"2":1,"3":1,"4":1,"7":1,"8":1,"9":1,"10":1,"11":1,"14":1,"16":1,"17":6,"22":1,"24":7,"27":7,"29":7,"32":1,"35":7,"36":1,"38":7,"40":5,"43":5,"46":5,"47":5,"49":5,"51":5,"52":5,"53":0,"77":7,"80":1,"82":3,"83":1,"85":2,"86":2,"87":2,"91":1,"94":7,"95":38,"96":6,"97":6,"100":1,"104":1,"106":2,"108":2,"115":2,"116":2,"118":2,"119":2,"120":2,"121":0,"123":2,"128":2,"131":1,"133":0,"134":0,"136":0,"138":0,"139":0,"140":0,"142":0,"145":0,"148":1,"149":2,"150":2,"151":0,"153":2,"157":1,"159":0,"161":0,"162":0,"164":0,"165":0,"166":0,"167":0,"170":0,"174":0,"178":1,"179":0,"181":0,"182":0,"183":0,"184":0,"185":0,"187":0,"188":0,"192":0,"195":1,"197":0,"198":0,"199":0,"200":0,"201":0,"204":0,"208":1,"209":1,"210":1,"211":1,"212":1}},
"C:\\Users\\hugo\\Documents\\ITProjects\\socialup\\server\\test\\twitterAPI.js":{"path":"C:\\Users\\hugo\\Documents\\ITProjects\\socialup\\server\\test\\twitterAPI.js","s":{"1":1,"2":1,"3":1,"4":1,"5":1,"6":1,"7":1,"8":1,"9":1,"10":1,"11":1,"12":1,"13":1,"14":1,"15":1,"16":1,"17":1,"18":1,"19":1,"20":1,"21":1,"22":1,"23":1,"24":1,"25":1,"26":1},"b":{},"f":{"1":1,"2":1,"3":1,"4":1,"5":1,"6":1,"7":1},"fnMap":{"1":{"name":"(anonymous_1)","line":13,"loc":{"start":{"line":13,"column":29},"end":{"line":13,"column":40}}},"2":{"name":"(anonymous_2)","line":31,"loc":{"start":{"line":31,"column":50},"end":{"line":31,"column":61}}},"3":{"name":"(anonymous_3)","line":35,"loc":{"start":{"line":35,"column":31},"end":{"line":35,"column":42}}},"4":{"name":"(anonymous_4)","line":39,"loc":{"start":{"line":39,"column":36},"end":{"line":39,"column":47}}},"5":{"name":"(anonymous_5)","line":43,"loc":{"start":{"line":43,"column":33},"end":{"line":43,"column":44}}},"6":{"name":"(anonymous_6)","line":47,"loc":{"start":{"line":47,"column":40},"end":{"line":47,"column":51}}},"7":{"name":"(anonymous_7)","line":53,"loc":{"start":{"line":53,"column":26},"end":{"line":53,"column":37}}}},"statementMap":{"1":{"start":{"line":1,"column":0},"end":{"line":1,"column":23}},"2":{"start":{"line":2,"column":0},"end":{"line":2,"column":48}},"3":{"start":{"line":3,"column":0},"end":{"line":3,"column":31}},"4":{"start":{"line":7,"column":0},"end":{"line":7,"column":478}},"5":{"start":{"line":9,"column":0},"end":{"line":9,"column":113}},"6":{"start":{"line":11,"column":0},"end":{"line":11,"column":54}},"7":{"start":{"line":13,"column":0},"end":{"line":57,"column":3}},"8":{"start":{"line":15,"column":5},"end":{"line":24,"column":6}},"9":{"start":{"line":26,"column":4},"end":{"line":26,"column":26}},"10":{"start":{"line":27,"column":4},"end":{"line":27,"column":63}},"11":{"start":{"line":28,"column":4},"end":{"line":28,"column":69}},"12":{"start":{"line":29,"column":4},"end":{"line":29,"column":66}},"13":{"start":{"line":31,"column":4},"end":{"line":33,"column":7}},"14":{"start":{"line":32,"column":8},"end":{"line":32,"column":101}},"15":{"start":{"line":35,"column":4},"end":{"line":37,"column":7}},"16":{"start":{"line":36,"column":8},"end":{"line":36,"column":96}},"17":{"start":{"line":39,"column":4},"end":{"line":41,"column":7}},"18":{"start":{"line":40,"column":8},"end":{"line":40,"column":100}},"19":{"start":{"line":43,"column":4},"end":{"line":45,"column":7}},"20":{"start":{"line":44,"column":8},"end":{"line":44,"column":115}},"21":{"start":{"line":47,"column":4},"end":{"line":51,"column":7}},"22":{"start":{"line":48,"column":8},"end":{"line":48,"column":76}},"23":{"start":{"line":49,"column":8},"end":{"line":49,"column":45}},"24":{"start":{"line":50,"column":8},"end":{"line":50,"column":45}},"25":{"start":{"line":53,"column":4},"end":{"line":55,"column":7}},"26":{"start":{"line":54,"column":8},"end":{"line":54,"column":89}}},"branchMap":{},"l":{"1":1,"2":1,"3":1,"7":1,"9":1,"11":1,"13":1,"15":1,"26":1,"27":1,"28":1,"29":1,"31":1,"32":1,"35":1,"36":1,"39":1,"40":1,"43":1,"44":1,"47":1,"48":1,"49":1,"50":1,"53":1,"54":1}},
"C:\\Users\\hugo\\Documents\\ITProjects\\socialup\\server\\js\\twitterAPI.js":{"path":"C:\\Users\\hugo\\Documents\\ITProjects\\socialup\\server\\js\\twitterAPI.js","s":{"1":1,"2":1,"3":1,"4":1,"5":1,"6":1,"7":1,"8":1,"9":1,"10":1,"11":1,"12":1,"13":1,"14":1,"15":1,"16":1,"17":0,"18":0,"19":0,"20":0,"21":0,"22":0,"23":0,"24":0,"25":0,"26":0,"27":0,"28":1,"29":0,"30":0,"31":0,"32":0,"33":0,"34":0,"35":1,"36":2,"37":2,"38":2,"39":2,"40":16,"41":2,"42":1,"43":2,"44":1,"45":2,"46":2,"47":1,"48":1,"49":1,"50":1,"51":1,"52":24,"53":2,"54":1,"55":0,"56":0,"57":0,"58":0,"59":0,"60":0,"61":0,"62":0,"63":0,"64":0,"65":0,"66":0,"67":0,"68":0,"69":0,"70":1,"71":0,"72":0,"73":0,"74":0,"75":0,"76":0,"77":0,"78":0,"79":0,"80":0,"81":0,"82":0,"83":1,"84":0,"85":0,"86":0,"87":0,"88":0,"89":0,"90":0,"91":0,"92":0,"93":0,"94":0,"95":0,"96":0,"97":1,"98":1,"99":1,"100":1,"101":2,"102":2,"103":1,"104":1,"105":1,"106":1,"107":1,"108":1,"109":1,"110":1,"111":1,"112":1,"113":1},"b":{"1":[0,0],"2":[0,0],"3":[0,0],"4":[0,0],"5":[0,0]},"f":{"1":1,"2":0,"3":0,"4":0,"5":0,"6":2,"7":16,"8":2,"9":2,"10":1,"11":24,"12":2,"13":0,"14":0,"15":0,"16":0,"17":0,"18":0,"19":1},"fnMap":{"1":{"name":"getOAuthURL","line":25,"loc":{"start":{"line":25,"column":0},"end":{"line":25,"column":23}}},"2":{"name":"getTokens","line":30,"loc":{"start":{"line":30,"column":0},"end":{"line":30,"column":21}}},"3":{"name":"(anonymous_3)","line":51,"loc":{"start":{"line":51,"column":7},"end":{"line":51,"column":39}}},"4":{"name":"inLineParams","line":65,"loc":{"start":{"line":65,"column":0},"end":{"line":65,"column":30}}},"5":{"name":"(anonymous_5)","line":70,"loc":{"start":{"line":70,"column":17},"end":{"line":70,"column":31}}},"6":{"name":"createSignatureBaseString","line":77,"loc":{"start":{"line":77,"column":0},"end":{"line":77,"column":60}}},"7":{"name":"(anonymous_7)","line":82,"loc":{"start":{"line":82,"column":17},"end":{"line":82,"column":31}}},"8":{"name":"createSigningKey","line":87,"loc":{"start":{"line":87,"column":0},"end":{"line":87,"column":55}}},"9":{"name":"createSignature","line":90,"loc":{"start":{"line":90,"column":0},"end":{"line":90,"column":49}}},"10":{"name":"getSignature","line":97,"loc":{"start":{"line":97,"column":0},"end":{"line":97,"column":76}}},"11":{"name":"percentEncode","line":104,"loc":{"start":{"line":104,"column":0},"end":{"line":104,"column":28}}},"12":{"name":"(anonymous_12)","line":105,"loc":{"start":{"line":105,"column":55},"end":{"line":105,"column":67}}},"13":{"name":"getAccessToken","line":111,"loc":{"start":{"line":111,"column":0},"end":{"line":111,"column":47}}},"14":{"name":"(anonymous_14)","line":141,"loc":{"start":{"line":141,"column":7},"end":{"line":141,"column":38}}},"15":{"name":"postMessage","line":155,"loc":{"start":{"line":155,"column":0},"end":{"line":155,"column":38}}},"16":{"name":"(anonymous_16)","line":181,"loc":{"start":{"line":181,"column":7},"end":{"line":181,"column":38}}},"17":{"name":"getTweets","line":194,"loc":{"start":{"line":194,"column":0},"end":{"line":194,"column":27}}},"18":{"name":"(anonymous_18)","line":218,"loc":{"start":{"line":218,"column":7},"end":{"line":218,"column":38}}},"19":{"name":"bodyToTokens","line":233,"loc":{"start":{"line":233,"column":0},"end":{"line":233,"column":28}}}},"statementMap":{"1":{"start":{"line":8,"column":0},"end":{"line":8,"column":29}},"2":{"start":{"line":9,"column":0},"end":{"line":9,"column":27}},"3":{"start":{"line":10,"column":0},"end":{"line":10,"column":33}},"4":{"start":{"line":11,"column":0},"end":{"line":11,"column":21}},"5":{"start":{"line":12,"column":0},"end":{"line":12,"column":23}},"6":{"start":{"line":13,"column":0},"end":{"line":13,"column":41}},"7":{"start":{"line":14,"column":0},"end":{"line":14,"column":45}},"8":{"start":{"line":15,"column":0},"end":{"line":15,"column":31}},"9":{"start":{"line":18,"column":0},"end":{"line":18,"column":44}},"10":{"start":{"line":19,"column":0},"end":{"line":19,"column":50}},"11":{"start":{"line":21,"column":0},"end":{"line":21,"column":74}},"12":{"start":{"line":22,"column":0},"end":{"line":22,"column":47}},"13":{"start":{"line":23,"column":0},"end":{"line":23,"column":61}},"14":{"start":{"line":25,"column":0},"end":{"line":27,"column":1}},"15":{"start":{"line":26,"column":4},"end":{"line":26,"column":53}},"16":{"start":{"line":30,"column":0},"end":{"line":63,"column":1}},"17":{"start":{"line":32,"column":4},"end":{"line":32,"column":29}},"18":{"start":{"line":33,"column":4},"end":{"line":41,"column":6}},"19":{"start":{"line":42,"column":4},"end":{"line":42,"column":59}},"20":{"start":{"line":43,"column":4},"end":{"line":43,"column":101}},"21":{"start":{"line":45,"column":4},"end":{"line":61,"column":7}},"22":{"start":{"line":54,"column":8},"end":{"line":60,"column":9}},"23":{"start":{"line":55,"column":12},"end":{"line":55,"column":46}},"24":{"start":{"line":57,"column":12},"end":{"line":57,"column":71}},"25":{"start":{"line":58,"column":12},"end":{"line":58,"column":40}},"26":{"start":{"line":59,"column":12},"end":{"line":59,"column":49}},"27":{"start":{"line":62,"column":4},"end":{"line":62,"column":28}},"28":{"start":{"line":65,"column":0},"end":{"line":74,"column":1}},"29":{"start":{"line":67,"column":4},"end":{"line":67,"column":35}},"30":{"start":{"line":68,"column":4},"end":{"line":68,"column":16}},"31":{"start":{"line":69,"column":4},"end":{"line":69,"column":17}},"32":{"start":{"line":70,"column":4},"end":{"line":72,"column":7}},"33":{"start":{"line":71,"column":8},"end":{"line":71,"column":55}},"34":{"start":{"line":73,"column":4},"end":{"line":73,"column":44}},"35":{"start":{"line":77,"column":0},"end":{"line":86,"column":1}},"36":{"start":{"line":79,"column":4},"end":{"line":79,"column":35}},"37":{"start":{"line":80,"column":4},"end":{"line":80,"column":16}},"38":{"start":{"line":81,"column":4},"end":{"line":81,"column":17}},"39":{"start":{"line":82,"column":4},"end":{"line":84,"column":7}},"40":{"start":{"line":83,"column":8},"end":{"line":83,"column":53}},"41":{"start":{"line":85,"column":4},"end":{"line":85,"column":96}},"42":{"start":{"line":87,"column":0},"end":{"line":89,"column":1}},"43":{"start":{"line":88,"column":4},"end":{"line":88,"column":72}},"44":{"start":{"line":90,"column":0},"end":{"line":94,"column":1}},"45":{"start":{"line":91,"column":4},"end":{"line":91,"column":53}},"46":{"start":{"line":93,"column":4},"end":{"line":93,"column":52}},"47":{"start":{"line":97,"column":0},"end":{"line":101,"column":1}},"48":{"start":{"line":98,"column":4},"end":{"line":98,"column":72}},"49":{"start":{"line":99,"column":4},"end":{"line":99,"column":54}},"50":{"start":{"line":100,"column":4},"end":{"line":100,"column":86}},"51":{"start":{"line":104,"column":0},"end":{"line":108,"column":1}},"52":{"start":{"line":105,"column":4},"end":{"line":107,"column":7}},"53":{"start":{"line":106,"column":8},"end":{"line":106,"column":50}},"54":{"start":{"line":111,"column":0},"end":{"line":153,"column":1}},"55":{"start":{"line":113,"column":4},"end":{"line":113,"column":29}},"56":{"start":{"line":114,"column":4},"end":{"line":122,"column":6}},"57":{"start":{"line":124,"column":4},"end":{"line":124,"column":58}},"58":{"start":{"line":125,"column":4},"end":{"line":125,"column":49}},"59":{"start":{"line":126,"column":4},"end":{"line":129,"column":5}},"60":{"start":{"line":127,"column":8},"end":{"line":127,"column":62}},"61":{"start":{"line":128,"column":8},"end":{"line":128,"column":35}},"62":{"start":{"line":130,"column":4},"end":{"line":130,"column":101}},"63":{"start":{"line":132,"column":4},"end":{"line":151,"column":7}},"64":{"start":{"line":143,"column":8},"end":{"line":143,"column":59}},"65":{"start":{"line":145,"column":8},"end":{"line":150,"column":9}},"66":{"start":{"line":146,"column":12},"end":{"line":146,"column":46}},"67":{"start":{"line":148,"column":12},"end":{"line":148,"column":61}},"68":{"start":{"line":149,"column":12},"end":{"line":149,"column":49}},"69":{"start":{"line":152,"column":4},"end":{"line":152,"column":28}},"70":{"start":{"line":155,"column":0},"end":{"line":192,"column":1}},"71":{"start":{"line":157,"column":4},"end":{"line":157,"column":29}},"72":{"start":{"line":158,"column":4},"end":{"line":165,"column":6}},"73":{"start":{"line":166,"column":4},"end":{"line":166,"column":34}},"74":{"start":{"line":167,"column":4},"end":{"line":167,"column":32}},"75":{"start":{"line":169,"column":4},"end":{"line":169,"column":64}},"76":{"start":{"line":170,"column":4},"end":{"line":170,"column":114}},"77":{"start":{"line":172,"column":4},"end":{"line":190,"column":7}},"78":{"start":{"line":184,"column":8},"end":{"line":189,"column":9}},"79":{"start":{"line":185,"column":12},"end":{"line":185,"column":46}},"80":{"start":{"line":187,"column":12},"end":{"line":187,"column":76}},"81":{"start":{"line":188,"column":12},"end":{"line":188,"column":39}},"82":{"start":{"line":191,"column":4},"end":{"line":191,"column":28}},"83":{"start":{"line":194,"column":0},"end":{"line":231,"column":1}},"84":{"start":{"line":196,"column":4},"end":{"line":196,"column":29}},"85":{"start":{"line":197,"column":4},"end":{"line":204,"column":6}},"86":{"start":{"line":206,"column":4},"end":{"line":206,"column":34}},"87":{"start":{"line":207,"column":4},"end":{"line":207,"column":40}},"88":{"start":{"line":209,"column":4},"end":{"line":209,"column":71}},"89":{"start":{"line":210,"column":4},"end":{"line":210,"column":113}},"90":{"start":{"line":212,"column":4},"end":{"line":228,"column":7}},"91":{"start":{"line":220,"column":8},"end":{"line":220,"column":26}},"92":{"start":{"line":222,"column":8},"end":{"line":227,"column":9}},"93":{"start":{"line":223,"column":12},"end":{"line":223,"column":46}},"94":{"start":{"line":225,"column":12},"end":{"line":225,"column":76}},"95":{"start":{"line":226,"column":12},"end":{"line":226,"column":39}},"96":{"start":{"line":229,"column":4},"end":{"line":229,"column":28}},"97":{"start":{"line":233,"column":0},"end":{"line":242,"column":1}},"98":{"start":{"line":235,"column":4},"end":{"line":235,"column":37}},"99":{"start":{"line":236,"column":4},"end":{"line":236,"column":20}},"100":{"start":{"line":237,"column":4},"end":{"line":240,"column":5}},"101":{"start":{"line":238,"column":8},"end":{"line":238,"column":45}},"102":{"start":{"line":239,"column":8},"end":{"line":239,"column":34}},"103":{"start":{"line":241,"column":4},"end":{"line":241,"column":18}},"104":{"start":{"line":244,"column":0},"end":{"line":244,"column":32}},"105":{"start":{"line":245,"column":0},"end":{"line":245,"column":28}},"106":{"start":{"line":246,"column":0},"end":{"line":246,"column":60}},"107":{"start":{"line":247,"column":0},"end":{"line":247,"column":42}},"108":{"start":{"line":248,"column":0},"end":{"line":248,"column":40}},"109":{"start":{"line":249,"column":0},"end":{"line":249,"column":38}},"110":{"start":{"line":250,"column":0},"end":{"line":250,"column":32}},"111":{"start":{"line":251,"column":0},"end":{"line":251,"column":28}},"112":{"start":{"line":252,"column":0},"end":{"line":252,"column":34}},"113":{"start":{"line":253,"column":0},"end":{"line":253,"column":34}}},"branchMap":{"1":{"line":54,"type":"if","locations":[{"start":{"line":54,"column":8},"end":{"line":54,"column":8}},{"start":{"line":54,"column":8},"end":{"line":54,"column":8}}]},"2":{"line":126,"type":"if","locations":[{"start":{"line":126,"column":4},"end":{"line":126,"column":4}},{"start":{"line":126,"column":4},"end":{"line":126,"column":4}}]},"3":{"line":145,"type":"if","locations":[{"start":{"line":145,"column":8},"end":{"line":145,"column":8}},{"start":{"line":145,"column":8},"end":{"line":145,"column":8}}]},"4":{"line":184,"type":"if","locations":[{"start":{"line":184,"column":8},"end":{"line":184,"column":8}},{"start":{"line":184,"column":8},"end":{"line":184,"column":8}}]},"5":{"line":222,"type":"if","locations":[{"start":{"line":222,"column":8},"end":{"line":222,"column":8}},{"start":{"line":222,"column":8},"end":{"line":222,"column":8}}]}},"l":{"8":1,"9":1,"10":1,"11":1,"12":1,"13":1,"14":1,"15":1,"18":1,"19":1,"21":1,"22":1,"23":1,"25":1,"26":1,"30":1,"32":0,"33":0,"42":0,"43":0,"45":0,"54":0,"55":0,"57":0,"58":0,"59":0,"62":0,"65":1,"67":0,"68":0,"69":0,"70":0,"71":0,"73":0,"77":1,"79":2,"80":2,"81":2,"82":2,"83":16,"85":2,"87":1,"88":2,"90":1,"91":2,"93":2,"97":1,"98":1,"99":1,"100":1,"104":1,"105":24,"106":2,"111":1,"113":0,"114":0,"124":0,"125":0,"126":0,"127":0,"128":0,"130":0,"132":0,"143":0,"145":0,"146":0,"148":0,"149":0,"152":0,"155":1,"157":0,"158":0,"166":0,"167":0,"169":0,"170":0,"172":0,"184":0,"185":0,"187":0,"188":0,"191":0,"194":1,"196":0,"197":0,"206":0,"207":0,"209":0,"210":0,"212":0,"220":0,"222":0,"223":0,"225":0,"226":0,"229":0,"233":1,"235":1,"236":1,"237":1,"238":2,"239":2,"241":1,"244":1,"245":1,"246":1,"247":1,"248":1,"249":1,"250":1,"251":1,"252":1,"253":1}},
"C:\\Users\\hugo\\Documents\\ITProjects\\socialup\\server\\js\\facebookAPI.js":{"path":"C:\\Users\\hugo\\Documents\\ITProjects\\socialup\\server\\js\\facebookAPI.js","s":{"1":1,"2":1,"3":1,"4":1,"5":1,"6":1,"7":1,"8":1,"9":0,"10":0,"11":0,"12":0,"13":0,"14":0,"15":0,"16":0,"17":0,"18":0,"19":0,"20":0,"21":0,"22":0,"23":1,"24":0,"25":0,"26":0,"27":0,"28":0,"29":0,"30":0,"31":0,"32":1,"33":1,"34":1,"35":0,"36":0,"37":0,"38":0,"39":0,"40":0,"41":0,"42":1,"43":1,"44":1,"45":1},"b":{"1":[0,0],"2":[0,0]},"f":{"1":0,"2":0,"3":0,"4":0,"5":0,"6":0,"7":0,"8":1,"9":0,"10":0},"fnMap":{"1":{"name":"pushCode","line":17,"loc":{"start":{"line":17,"column":0},"end":{"line":17,"column":24}}},"2":{"name":"(anonymous_2)","line":29,"loc":{"start":{"line":29,"column":41},"end":{"line":29,"column":55}}},"3":{"name":"(anonymous_3)","line":32,"loc":{"start":{"line":32,"column":23},"end":{"line":32,"column":39}}},"4":{"name":"(anonymous_4)","line":35,"loc":{"start":{"line":35,"column":22},"end":{"line":35,"column":33}}},"5":{"name":"(anonymous_5)","line":41,"loc":{"start":{"line":41,"column":20},"end":{"line":41,"column":32}}},"6":{"name":"sendVideo","line":51,"loc":{"start":{"line":51,"column":0},"end":{"line":51,"column":32}}},"7":{"name":"(anonymous_7)","line":64,"loc":{"start":{"line":64,"column":7},"end":{"line":64,"column":37}}},"8":{"name":"getOAuthURL","line":77,"loc":{"start":{"line":77,"column":0},"end":{"line":77,"column":23}}},"9":{"name":"postMessage","line":81,"loc":{"start":{"line":81,"column":0},"end":{"line":81,"column":38}}},"10":{"name":"(anonymous_10)","line":92,"loc":{"start":{"line":92,"column":7},"end":{"line":92,"column":37}}}},"statementMap":{"1":{"start":{"line":8,"column":0},"end":{"line":8,"column":52}},"2":{"start":{"line":9,"column":0},"end":{"line":9,"column":60}},"3":{"start":{"line":10,"column":0},"end":{"line":10,"column":73}},"4":{"start":{"line":12,"column":0},"end":{"line":12,"column":29}},"5":{"start":{"line":13,"column":0},"end":{"line":13,"column":21}},"6":{"start":{"line":14,"column":0},"end":{"line":14,"column":33}},"7":{"start":{"line":15,"column":0},"end":{"line":15,"column":23}},"8":{"start":{"line":17,"column":0},"end":{"line":49,"column":1}},"9":{"start":{"line":19,"column":4},"end":{"line":19,"column":29}},"10":{"start":{"line":22,"column":4},"end":{"line":27,"column":6}},"11":{"start":{"line":29,"column":4},"end":{"line":39,"column":7}},"12":{"start":{"line":31,"column":8},"end":{"line":31,"column":20}},"13":{"start":{"line":32,"column":8},"end":{"line":34,"column":11}},"14":{"start":{"line":33,"column":12},"end":{"line":33,"column":24}},"15":{"start":{"line":35,"column":8},"end":{"line":38,"column":11}},"16":{"start":{"line":36,"column":12},"end":{"line":36,"column":51}},"17":{"start":{"line":37,"column":12},"end":{"line":37,"column":47}},"18":{"start":{"line":41,"column":4},"end":{"line":44,"column":7}},"19":{"start":{"line":42,"column":8},"end":{"line":42,"column":45}},"20":{"start":{"line":43,"column":8},"end":{"line":43,"column":38}},"21":{"start":{"line":46,"column":4},"end":{"line":46,"column":14}},"22":{"start":{"line":48,"column":4},"end":{"line":48,"column":28}},"23":{"start":{"line":51,"column":0},"end":{"line":75,"column":1}},"24":{"start":{"line":53,"column":4},"end":{"line":53,"column":29}},"25":{"start":{"line":54,"column":4},"end":{"line":54,"column":37}},"26":{"start":{"line":56,"column":4},"end":{"line":72,"column":7}},"27":{"start":{"line":66,"column":8},"end":{"line":71,"column":9}},"28":{"start":{"line":67,"column":12},"end":{"line":67,"column":44}},"29":{"start":{"line":69,"column":12},"end":{"line":69,"column":65}},"30":{"start":{"line":70,"column":12},"end":{"line":70,"column":35}},"31":{"start":{"line":74,"column":4},"end":{"line":74,"column":28}},"32":{"start":{"line":77,"column":0},"end":{"line":79,"column":1}},"33":{"start":{"line":78,"column":4},"end":{"line":78,"column":167}},"34":{"start":{"line":81,"column":0},"end":{"line":102,"column":1}},"35":{"start":{"line":83,"column":4},"end":{"line":83,"column":29}},"36":{"start":{"line":84,"column":4},"end":{"line":100,"column":7}},"37":{"start":{"line":94,"column":8},"end":{"line":99,"column":9}},"38":{"start":{"line":95,"column":12},"end":{"line":95,"column":44}},"39":{"start":{"line":97,"column":12},"end":{"line":97,"column":60}},"40":{"start":{"line":98,"column":12},"end":{"line":98,"column":35}},"41":{"start":{"line":101,"column":4},"end":{"line":101,"column":28}},"42":{"start":{"line":104,"column":0},"end":{"line":104,"column":26}},"43":{"start":{"line":105,"column":0},"end":{"line":105,"column":28}},"44":{"start":{"line":106,"column":0},"end":{"line":106,"column":32}},"45":{"start":{"line":107,"column":0},"end":{"line":107,"column":32}}},"branchMap":{"1":{"line":66,"type":"if","locations":[{"start":{"line":66,"column":8},"end":{"line":66,"column":8}},{"start":{"line":66,"column":8},"end":{"line":66,"column":8}}]},"2":{"line":94,"type":"if","locations":[{"start":{"line":94,"column":8},"end":{"line":94,"column":8}},{"start":{"line":94,"column":8},"end":{"line":94,"column":8}}]}},"l":{"8":1,"9":1,"10":1,"12":1,"13":1,"14":1,"15":1,"17":1,"19":0,"22":0,"29":0,"31":0,"32":0,"33":0,"35":0,"36":0,"37":0,"41":0,"42":0,"43":0,"46":0,"48":0,"51":1,"53":0,"54":0,"56":0,"66":0,"67":0,"69":0,"70":0,"74":0,"77":1,"78":1,"81":1,"83":0,"84":0,"94":0,"95":0,"97":0,"98":0,"101":0,"104":1,"105":1,"106":1,"107":1}}}
