TN:
SF:C:\Users\hugo\Documents\ITProjects\socialup\server\test\dummy.js
FN:5,(anonymous_1)
FN:6,(anonymous_2)
FN:9,(anonymous_3)
FNF:3
FNH:3
FNDA:1,(anonymous_1)
FNDA:1,(anonymous_2)
FNDA:1,(anonymous_3)
DA:1,1
DA:2,1
DA:3,1
DA:5,1
DA:6,1
DA:7,1
DA:9,1
DA:10,1
LF:8
LH:8
BRF:0
BRH:0
end_of_record
TN:
SF:C:\Users\hugo\Documents\ITProjects\socialup\server\js\dummy.js
FN:3,emptyFunction
FNF:1
FNH:1
FNDA:1,emptyFunction
DA:3,1
DA:4,1
DA:7,1
LF:3
LH:3
BRF:0
BRH:0
end_of_record
TN:
SF:C:\Users\hugo\Documents\ITProjects\socialup\server\test\googleAPI.js
FN:5,(anonymous_1)
FN:7,(anonymous_2)
FN:13,(anonymous_3)
FN:15,(anonymous_4)
FNF:4
FNH:4
FNDA:1,(anonymous_1)
FNDA:1,(anonymous_2)
FNDA:1,(anonymous_3)
FNDA:1,(anonymous_4)
DA:1,1
DA:2,1
DA:3,1
DA:5,1
DA:7,1
DA:9,1
DA:10,1
DA:13,1
DA:15,1
DA:16,1
LF:10
LH:10
BRF:0
BRH:0
end_of_record
TN:
SF:C:\Users\hugo\Documents\ITProjects\socialup\server\js\googleAPI.js
FN:18,auth
FN:37,pushCode
FN:41,(anonymous_3)
FN:54,sendVideo
FN:87,(anonymous_5)
FN:91,(anonymous_6)
FN:96,(anonymous_7)
FN:105,uploadDrive
FN:135,(anonymous_9)
FN:138,(anonymous_10)
FN:143,(anonymous_11)
FN:150,listFolder
FN:160,(anonymous_13)
FN:178,checkFilesData
FN:187,checkFileData
FN:189,(anonymous_16)
FNF:16
FNH:3
FNDA:1,auth
FNDA:1,pushCode
FNDA:1,(anonymous_3)
FNDA:0,sendVideo
FNDA:0,(anonymous_5)
FNDA:0,(anonymous_6)
FNDA:0,(anonymous_7)
FNDA:0,uploadDrive
FNDA:0,(anonymous_9)
FNDA:0,(anonymous_10)
FNDA:0,(anonymous_11)
FNDA:0,listFolder
FNDA:0,(anonymous_13)
FNDA:0,checkFilesData
FNDA:0,checkFileData
FNDA:0,(anonymous_16)
DA:2,1
DA:3,1
DA:4,1
DA:6,1
DA:7,1
DA:8,1
DA:10,1
DA:12,1
DA:13,1
DA:14,1
DA:15,1
DA:18,1
DA:21,1
DA:30,1
DA:34,1
DA:37,1
DA:39,1
DA:41,1
DA:43,1
DA:45,0
DA:47,1
DA:48,1
DA:51,1
DA:54,1
DA:56,0
DA:57,0
DA:59,0
DA:61,0
DA:73,0
DA:74,0
DA:75,0
DA:77,0
DA:87,0
DA:91,0
DA:93,0
DA:96,0
DA:98,0
DA:102,0
DA:105,1
DA:106,0
DA:108,0
DA:110,0
DA:122,0
DA:123,0
DA:124,0
DA:126,0
DA:135,0
DA:138,0
DA:140,0
DA:143,0
DA:145,0
DA:147,0
DA:150,1
DA:152,0
DA:153,0
DA:154,0
DA:156,0
DA:158,0
DA:160,0
DA:161,0
DA:162,0
DA:163,0
DA:164,0
DA:167,0
DA:168,0
DA:169,0
DA:170,0
DA:172,0
DA:175,0
DA:178,1
DA:179,0
DA:180,0
DA:181,0
DA:182,0
DA:184,0
DA:187,1
DA:188,0
DA:189,0
DA:190,0
DA:191,0
DA:192,0
DA:195,0
DA:200,0
DA:203,1
DA:204,1
DA:205,1
DA:207,1
DA:208,1
LF:88
LH:32
BRDA:43,1,0,0
BRDA:43,1,1,1
BRDA:74,2,0,0
BRDA:74,2,1,0
BRDA:123,3,0,0
BRDA:123,3,1,0
BRDA:153,4,0,0
BRDA:153,4,1,0
BRDA:161,5,0,0
BRDA:161,5,1,0
BRDA:168,6,0,0
BRDA:168,6,1,0
BRDA:190,7,0,0
BRDA:190,7,1,0
BRF:14
BRH:1
end_of_record
TN:
SF:C:\Users\hugo\Documents\ITProjects\socialup\server\test\oauth_nonce.js
FN:5,(anonymous_1)
FN:7,(anonymous_2)
FN:14,(anonymous_3)
FN:16,(anonymous_4)
FNF:4
FNH:4
FNDA:1,(anonymous_1)
FNDA:1,(anonymous_2)
FNDA:1,(anonymous_3)
FNDA:1,(anonymous_4)
DA:1,1
DA:2,1
DA:3,1
DA:5,1
DA:7,1
DA:9,1
DA:10,1
DA:11,1
DA:14,1
DA:16,1
DA:17,1
DA:18,1
DA:19,1
LF:13
LH:13
BRF:0
BRH:0
end_of_record
TN:
SF:C:\Users\hugo\Documents\ITProjects\socialup\server\js\oauth_nonce.js
FN:5,(anonymous_1)
FN:12,(anonymous_2)
FN:17,(anonymous_3)
FNF:3
FNH:3
FNDA:2,(anonymous_1)
FNDA:2,(anonymous_2)
FNDA:1,(anonymous_3)
DA:3,1
DA:5,1
DA:7,2
DA:12,1
DA:15,2
DA:17,1
DA:18,1
DA:19,0
DA:20,1
DA:25,1
LF:10
LH:9
BRDA:15,1,0,1
BRDA:15,1,1,1
BRDA:15,2,0,2
BRDA:15,2,1,1
BRDA:18,3,0,0
BRDA:18,3,1,1
BRF:6
BRH:5
end_of_record
TN:
SF:C:\Users\hugo\Documents\ITProjects\socialup\server\test\scheduler.js
FN:6,(anonymous_1)
FN:8,(anonymous_2)
FN:11,(anonymous_3)
FN:19,(anonymous_4)
FN:22,(anonymous_5)
FN:31,(anonymous_6)
FN:35,(anonymous_7)
FN:43,(anonymous_8)
FN:46,(anonymous_9)
FNF:9
FNH:8
FNDA:1,(anonymous_1)
FNDA:1,(anonymous_2)
FNDA:1,(anonymous_3)
FNDA:1,(anonymous_4)
FNDA:1,(anonymous_5)
FNDA:1,(anonymous_6)
FNDA:1,(anonymous_7)
FNDA:1,(anonymous_8)
FNDA:0,(anonymous_9)
DA:1,1
DA:2,1
DA:3,1
DA:4,1
DA:6,1
DA:8,1
DA:10,1
DA:11,1
DA:12,1
DA:13,1
DA:14,1
DA:16,1
DA:19,1
DA:21,1
DA:22,1
DA:23,1
DA:24,1
DA:25,1
DA:26,1
DA:28,1
DA:31,1
DA:32,1
DA:34,1
DA:35,1
DA:36,1
DA:37,1
DA:38,1
DA:40,1
DA:43,1
DA:45,1
DA:46,1
LF:31
LH:31
BRF:0
BRH:0
end_of_record
TN:
SF:C:\Users\hugo\Documents\ITProjects\socialup\server\js\scheduler.js
FN:9,scheduleEvent
FN:11,(anonymous_2)
FN:18,saveScheduledEvent
FNF:3
FNH:2
FNDA:4,scheduleEvent
FNDA:3,(anonymous_2)
FNDA:0,saveScheduledEvent
DA:2,1
DA:3,1
DA:4,1
DA:9,1
DA:11,4
DA:12,3
DA:15,4
DA:18,1
DA:24,1
LF:9
LH:9
BRF:0
BRH:0
end_of_record
TN:
SF:C:\Users\hugo\Documents\ITProjects\socialup\server\test\twitterAPI.js
FN:11,(anonymous_1)
FN:13,(anonymous_2)
FN:32,(anonymous_3)
FN:41,(anonymous_4)
FNF:4
FNH:4
FNDA:1,(anonymous_1)
FNDA:1,(anonymous_2)
FNDA:1,(anonymous_3)
FNDA:1,(anonymous_4)
DA:1,1
DA:2,1
DA:3,1
DA:7,1
DA:9,1
DA:11,1
DA:13,1
DA:15,1
DA:16,1
DA:18,1
DA:28,1
DA:32,1
DA:34,1
DA:35,1
DA:37,1
DA:41,1
DA:43,1
LF:17
LH:17
BRF:0
BRH:0
end_of_record
TN:
SF:C:\Users\hugo\Documents\ITProjects\socialup\server\js\twitterAPI.js
FN:25,getOAuthURL
FN:30,getTokens
FN:52,(anonymous_3)
FN:66,inLineParams
FN:71,(anonymous_5)
FN:78,createSignatureBaseString
FN:83,(anonymous_7)
FN:88,createSigningKey
FN:91,createSignature
FN:97,getSignature
FN:105,percentEncode
FN:106,(anonymous_12)
FN:112,getAccessToken
FN:142,(anonymous_14)
FN:156,tweet
FN:182,(anonymous_16)
FN:195,getTweets
FN:219,(anonymous_18)
FN:234,bodyToTokens
FNF:19
FNH:6
FNDA:0,getOAuthURL
FNDA:0,getTokens
FNDA:0,(anonymous_3)
FNDA:0,inLineParams
FNDA:0,(anonymous_5)
FNDA:1,createSignatureBaseString
FNDA:8,(anonymous_7)
FNDA:1,createSigningKey
FNDA:1,createSignature
FNDA:0,getSignature
FNDA:12,percentEncode
FNDA:1,(anonymous_12)
FNDA:0,getAccessToken
FNDA:0,(anonymous_14)
FNDA:0,tweet
FNDA:0,(anonymous_16)
FNDA:0,getTweets
FNDA:0,(anonymous_18)
FNDA:0,bodyToTokens
DA:8,1
DA:9,1
DA:10,1
DA:11,1
DA:12,1
DA:13,1
DA:14,1
DA:15,1
DA:18,1
DA:19,1
DA:21,1
DA:22,1
DA:23,1
DA:25,1
DA:26,0
DA:30,1
DA:32,0
DA:33,0
DA:43,0
DA:44,0
DA:46,0
DA:55,0
DA:56,0
DA:58,0
DA:59,0
DA:60,0
DA:63,0
DA:66,1
DA:68,0
DA:69,0
DA:70,0
DA:71,0
DA:72,0
DA:74,0
DA:78,1
DA:80,1
DA:81,1
DA:82,1
DA:83,1
DA:84,8
DA:86,1
DA:88,1
DA:89,1
DA:91,1
DA:92,1
DA:94,1
DA:97,1
DA:98,0
DA:100,0
DA:101,0
DA:105,1
DA:106,12
DA:107,1
DA:112,1
DA:114,0
DA:115,0
DA:125,0
DA:126,0
DA:127,0
DA:128,0
DA:129,0
DA:131,0
DA:133,0
DA:144,0
DA:146,0
DA:147,0
DA:149,0
DA:150,0
DA:153,0
DA:156,1
DA:158,0
DA:159,0
DA:167,0
DA:168,0
DA:170,0
DA:171,0
DA:173,0
DA:185,0
DA:186,0
DA:188,0
DA:189,0
DA:192,0
DA:195,1
DA:197,0
DA:198,0
DA:207,0
DA:208,0
DA:210,0
DA:211,0
DA:213,0
DA:221,0
DA:223,0
DA:224,0
DA:226,0
DA:227,0
DA:230,0
DA:234,1
DA:236,0
DA:237,0
DA:238,0
DA:239,0
DA:240,0
DA:242,0
DA:245,1
DA:246,1
DA:247,1
DA:248,1
DA:249,1
DA:250,1
DA:251,1
DA:252,1
LF:111
LH:44
BRDA:55,1,0,0
BRDA:55,1,1,0
BRDA:127,2,0,0
BRDA:127,2,1,0
BRDA:146,3,0,0
BRDA:146,3,1,0
BRDA:185,4,0,0
BRDA:185,4,1,0
BRDA:223,5,0,0
BRDA:223,5,1,0
BRF:10
BRH:0
end_of_record
