TN:
SF:C:\Users\hugo\Documents\ITProjects\socialup\server\test\googleAPI.js
FN:5,(anonymous_1)
FN:7,(anonymous_2)
FN:13,(anonymous_3)
FN:14,(anonymous_4)
FNF:4
FNH:4
FNDA:1,(anonymous_1)
FNDA:1,(anonymous_2)
FNDA:1,(anonymous_3)
FNDA:1,(anonymous_4)
DA:1,1
DA:2,1
DA:3,1
DA:5,1
DA:7,1
DA:9,1
DA:10,1
DA:13,1
DA:14,1
DA:15,1
LF:10
LH:10
BRF:0
BRH:0
end_of_record
TN:
SF:C:\Users\hugo\Documents\ITProjects\socialup\server\js\googleAPI.js
FN:31,getOAuthURL
FN:50,pushCode
FN:54,(anonymous_3)
FN:77,refreshTokens
FN:88,(anonymous_5)
FN:103,(anonymous_6)
FN:107,(anonymous_7)
FN:114,(anonymous_8)
FN:129,(anonymous_9)
FN:138,(anonymous_10)
FN:152,(anonymous_11)
FN:155,(anonymous_12)
FN:166,(anonymous_13)
FN:169,(anonymous_14)
FN:199,sendVideo
FN:229,(anonymous_16)
FN:232,(anonymous_17)
FN:247,(anonymous_18)
FN:255,uploadDrive
FN:283,(anonymous_20)
FN:286,(anonymous_21)
FN:300,(anonymous_22)
FN:307,listFiles
FN:334,(anonymous_24)
FN:347,(anonymous_25)
FN:364,getUserInfo
FN:368,(anonymous_27)
FN:382,(anonymous_28)
FN:386,(anonymous_29)
FN:397,(anonymous_30)
FN:399,(anonymous_31)
FN:419,(anonymous_32)
FN:423,(anonymous_33)
FN:438,(anonymous_34)
FN:459,(anonymous_35)
FNF:35
FNH:3
FNDA:1,getOAuthURL
FNDA:1,pushCode
FNDA:1,(anonymous_3)
FNDA:0,refreshTokens
FNDA:0,(anonymous_5)
FNDA:0,(anonymous_6)
FNDA:0,(anonymous_7)
FNDA:0,(anonymous_8)
FNDA:0,(anonymous_9)
FNDA:0,(anonymous_10)
FNDA:0,(anonymous_11)
FNDA:0,(anonymous_12)
FNDA:0,(anonymous_13)
FNDA:0,(anonymous_14)
FNDA:0,sendVideo
FNDA:0,(anonymous_16)
FNDA:0,(anonymous_17)
FNDA:0,(anonymous_18)
FNDA:0,uploadDrive
FNDA:0,(anonymous_20)
FNDA:0,(anonymous_21)
FNDA:0,(anonymous_22)
FNDA:0,listFiles
FNDA:0,(anonymous_24)
FNDA:0,(anonymous_25)
FNDA:0,getUserInfo
FNDA:0,(anonymous_27)
FNDA:0,(anonymous_28)
FNDA:0,(anonymous_29)
FNDA:0,(anonymous_30)
FNDA:0,(anonymous_31)
FNDA:0,(anonymous_32)
FNDA:0,(anonymous_33)
FNDA:0,(anonymous_34)
FNDA:0,(anonymous_35)
DA:12,1
DA:13,1
DA:14,1
DA:15,1
DA:17,1
DA:18,1
DA:19,1
DA:21,1
DA:23,1
DA:24,1
DA:25,1
DA:26,1
DA:27,1
DA:31,1
DA:34,1
DA:43,1
DA:47,1
DA:50,1
DA:52,1
DA:54,1
DA:56,1
DA:58,0
DA:68,0
DA:70,1
DA:71,1
DA:74,1
DA:77,1
DA:79,0
DA:81,0
DA:84,0
DA:85,0
DA:86,0
DA:88,0
DA:90,0
DA:91,0
DA:93,0
DA:94,0
DA:96,0
DA:97,0
DA:100,0
DA:103,1
DA:105,0
DA:106,0
DA:107,0
DA:110,0
DA:111,0
DA:113,0
DA:114,0
DA:115,0
DA:116,0
DA:121,0
DA:125,0
DA:129,1
DA:131,0
DA:132,0
DA:136,0
DA:138,0
DA:141,0
DA:142,0
DA:144,0
DA:145,0
DA:152,0
DA:153,0
DA:155,0
DA:157,0
DA:158,0
DA:166,0
DA:168,0
DA:169,0
DA:170,0
DA:171,0
DA:172,0
DA:173,0
DA:174,0
DA:175,0
DA:176,0
DA:177,0
DA:178,0
DA:181,0
DA:195,0
DA:199,1
DA:203,0
DA:204,0
DA:206,0
DA:217,0
DA:218,0
DA:219,0
DA:220,0
DA:229,0
DA:230,0
DA:232,0
DA:234,0
DA:235,0
DA:236,0
DA:237,0
DA:239,0
DA:244,0
DA:247,0
DA:249,0
DA:252,0
DA:255,1
DA:257,0
DA:258,0
DA:259,0
DA:261,0
DA:266,0
DA:267,0
DA:269,0
DA:270,0
DA:271,0
DA:273,0
DA:283,0
DA:286,0
DA:287,0
DA:288,0
DA:289,0
DA:291,0
DA:296,0
DA:300,0
DA:301,0
DA:302,0
DA:304,0
DA:307,1
DA:309,0
DA:310,0
DA:312,0
DA:314,0
DA:315,0
DA:317,0
DA:320,0
DA:321,0
DA:322,0
DA:324,0
DA:327,0
DA:329,0
DA:334,0
DA:335,0
DA:336,0
DA:337,0
DA:338,0
DA:341,0
DA:342,0
DA:343,0
DA:344,0
DA:346,0
DA:347,0
DA:349,0
DA:355,0
DA:356,0
DA:357,0
DA:361,0
DA:364,1
DA:366,0
DA:367,0
DA:368,0
DA:370,0
DA:371,0
DA:372,0
DA:375,0
DA:379,0
DA:382,1
DA:385,0
DA:386,0
DA:387,0
DA:388,0
DA:397,1
DA:398,0
DA:399,0
DA:400,0
DA:401,0
DA:402,0
DA:404,0
DA:405,0
DA:411,0
DA:412,0
DA:413,0
DA:416,0
DA:419,1
DA:421,0
DA:422,0
DA:423,0
DA:424,0
DA:425,0
DA:426,0
DA:429,0
DA:435,0
DA:438,1
DA:449,0
DA:450,0
DA:451,0
DA:459,0
DA:460,0
DA:461,0
DA:462,0
DA:465,0
DA:468,0
DA:471,1
DA:472,1
DA:473,1
DA:474,1
DA:475,1
DA:476,1
DA:477,1
LF:203
LH:42
BRDA:56,1,0,0
BRDA:56,1,1,1
BRDA:84,2,0,0
BRDA:84,2,1,0
BRDA:90,3,0,0
BRDA:90,3,1,0
BRDA:110,4,0,0
BRDA:110,4,1,0
BRDA:115,5,0,0
BRDA:115,5,1,0
BRDA:141,6,0,0
BRDA:141,6,1,0
BRDA:218,7,0,0
BRDA:218,7,1,0
BRDA:236,8,0,0
BRDA:236,8,1,0
BRDA:266,9,0,0
BRDA:266,9,1,0
BRDA:270,10,0,0
BRDA:270,10,1,0
BRDA:314,11,0,0
BRDA:314,11,1,0
BRDA:320,12,0,0
BRDA:320,12,1,0
BRDA:321,13,0,0
BRDA:321,13,1,0
BRDA:335,14,0,0
BRDA:335,14,1,0
BRDA:342,15,0,0
BRDA:342,15,1,0
BRDA:355,16,0,0
BRDA:355,16,1,0
BRDA:370,17,0,0
BRDA:370,17,1,0
BRDA:387,18,0,0
BRDA:387,18,1,0
BRDA:400,19,0,0
BRDA:400,19,1,0
BRDA:411,20,0,0
BRDA:411,20,1,0
BRDA:424,21,0,0
BRDA:424,21,1,0
BRDA:460,22,0,0
BRDA:460,22,1,0
BRF:44
BRH:1
end_of_record
TN:
SF:C:\Users\hugo\Documents\ITProjects\socialup\server\js\userDAO.js
FN:8,getDB
FN:9,(anonymous_2)
FN:18,saveUser
FN:26,createUser
FN:29,(anonymous_5)
FN:31,(anonymous_6)
FN:45,updateUser
FN:52,(anonymous_8)
FN:54,(anonymous_9)
FN:67,updateUserTokens
FN:77,(anonymous_11)
FN:78,(anonymous_12)
FN:88,retrieveUsers
FN:91,(anonymous_14)
FN:93,(anonymous_15)
FN:105,retrieveUserByLogin
FN:113,retrieveUserById
FN:122,retrieveUser
FN:125,(anonymous_19)
FN:126,(anonymous_20)
FN:137,authenticate
FN:140,(anonymous_22)
FN:141,(anonymous_23)
FN:155,deleteToken
FN:158,(anonymous_25)
FN:166,(anonymous_26)
FNF:26
FNH:13
FNDA:4,getDB
FNDA:4,(anonymous_2)
FNDA:2,saveUser
FNDA:1,createUser
FNDA:1,(anonymous_5)
FNDA:1,(anonymous_6)
FNDA:1,updateUser
FNDA:1,(anonymous_8)
FNDA:1,(anonymous_9)
FNDA:0,updateUserTokens
FNDA:0,(anonymous_11)
FNDA:0,(anonymous_12)
FNDA:0,retrieveUsers
FNDA:0,(anonymous_14)
FNDA:0,(anonymous_15)
FNDA:2,retrieveUserByLogin
FNDA:0,retrieveUserById
FNDA:2,retrieveUser
FNDA:2,(anonymous_19)
FNDA:2,(anonymous_20)
FNDA:0,authenticate
FNDA:0,(anonymous_22)
FNDA:0,(anonymous_23)
FNDA:0,deleteToken
FNDA:0,(anonymous_25)
FNDA:0,(anonymous_26)
DA:2,1
DA:3,1
DA:4,1
DA:6,1
DA:8,1
DA:9,4
DA:10,4
DA:11,0
DA:13,4
DA:18,1
DA:20,2
DA:21,1
DA:23,1
DA:26,1
DA:28,1
DA:29,1
DA:31,1
DA:33,1
DA:34,1
DA:35,0
DA:37,1
DA:38,1
DA:42,1
DA:45,1
DA:48,1
DA:49,1
DA:52,1
DA:54,1
DA:55,1
DA:56,1
DA:57,0
DA:58,0
DA:60,1
DA:63,1
DA:67,1
DA:69,0
DA:72,0
DA:75,0
DA:77,0
DA:78,0
DA:79,0
DA:80,0
DA:81,0
DA:83,0
DA:88,1
DA:90,0
DA:91,0
DA:93,0
DA:95,0
DA:96,0
DA:97,0
DA:99,0
DA:102,0
DA:105,1
DA:107,2
DA:110,2
DA:113,1
DA:116,0
DA:119,0
DA:122,1
DA:124,2
DA:125,2
DA:126,2
DA:127,2
DA:128,2
DA:129,0
DA:131,2
DA:134,2
DA:137,1
DA:139,0
DA:140,0
DA:141,0
DA:143,0
DA:144,0
DA:145,0
DA:146,0
DA:147,0
DA:149,0
DA:152,0
DA:155,1
DA:157,0
DA:158,0
DA:159,0
DA:162,0
DA:165,0
DA:166,0
DA:167,0
DA:168,0
DA:169,0
DA:172,0
DA:176,0
DA:179,1
DA:180,1
DA:181,1
DA:182,1
DA:183,1
DA:184,1
DA:185,1
LF:98
LH:53
BRDA:10,1,0,0
BRDA:10,1,1,4
BRDA:20,2,0,1
BRDA:20,2,1,1
BRDA:34,3,0,0
BRDA:34,3,1,1
BRDA:56,4,0,0
BRDA:56,4,1,1
BRDA:80,5,0,0
BRDA:80,5,1,0
BRDA:96,6,0,0
BRDA:96,6,1,0
BRDA:128,7,0,0
BRDA:128,7,1,2
BRDA:144,8,0,0
BRDA:144,8,1,0
BRDA:146,9,0,0
BRDA:146,9,1,0
BRDA:168,10,0,0
BRDA:168,10,1,0
BRF:20
BRH:6
end_of_record
TN:
SF:C:\Users\hugo\Documents\ITProjects\socialup\server\test\oauth_nonce.js
FN:5,(anonymous_1)
FN:7,(anonymous_2)
FN:14,(anonymous_3)
FN:16,(anonymous_4)
FNF:4
FNH:4
FNDA:1,(anonymous_1)
FNDA:1,(anonymous_2)
FNDA:1,(anonymous_3)
FNDA:1,(anonymous_4)
DA:1,1
DA:2,1
DA:3,1
DA:5,1
DA:7,1
DA:9,1
DA:10,1
DA:11,1
DA:14,1
DA:16,1
DA:17,1
DA:18,1
DA:19,1
LF:13
LH:13
BRF:0
BRH:0
end_of_record
TN:
SF:C:\Users\hugo\Documents\ITProjects\socialup\server\js\oauth_nonce.js
FN:5,(anonymous_1)
FN:12,(anonymous_2)
FN:17,(anonymous_3)
FNF:3
FNH:3
FNDA:2,(anonymous_1)
FNDA:2,(anonymous_2)
FNDA:1,(anonymous_3)
DA:3,1
DA:5,1
DA:7,2
DA:12,1
DA:15,2
DA:17,1
DA:18,1
DA:19,0
DA:20,1
DA:25,1
LF:10
LH:9
BRDA:15,1,0,1
BRDA:15,1,1,1
BRDA:15,2,0,2
BRDA:15,2,1,1
BRDA:18,3,0,0
BRDA:18,3,1,1
BRF:6
BRH:5
end_of_record
TN:
SF:C:\Users\hugo\Documents\ITProjects\socialup\server\test\scheduler.js
FN:13,(anonymous_1)
FN:18,(anonymous_2)
FN:23,(anonymous_3)
FN:24,(anonymous_4)
FN:31,(anonymous_5)
FN:34,(anonymous_6)
FN:45,(anonymous_7)
FN:48,(anonymous_8)
FN:59,(anonymous_9)
FN:64,(anonymous_10)
FN:76,(anonymous_11)
FN:84,(anonymous_12)
FN:88,(anonymous_13)
FN:91,(anonymous_14)
FN:102,(anonymous_15)
FN:107,(anonymous_16)
FN:111,finish
FN:117,(anonymous_18)
FN:119,(anonymous_19)
FN:126,(anonymous_20)
FN:134,(anonymous_21)
FN:137,(anonymous_22)
FNF:22
FNH:20
FNDA:1,(anonymous_1)
FNDA:1,(anonymous_2)
FNDA:1,(anonymous_3)
FNDA:1,(anonymous_4)
FNDA:1,(anonymous_5)
FNDA:1,(anonymous_6)
FNDA:1,(anonymous_7)
FNDA:1,(anonymous_8)
FNDA:1,(anonymous_9)
FNDA:1,(anonymous_10)
FNDA:1,(anonymous_11)
FNDA:1,(anonymous_12)
FNDA:1,(anonymous_13)
FNDA:1,(anonymous_14)
FNDA:1,(anonymous_15)
FNDA:1,(anonymous_16)
FNDA:1,finish
FNDA:1,(anonymous_18)
FNDA:0,(anonymous_19)
FNDA:1,(anonymous_20)
FNDA:1,(anonymous_21)
FNDA:0,(anonymous_22)
DA:1,1
DA:2,1
DA:3,1
DA:5,1
DA:6,1
DA:7,1
DA:9,0
DA:11,1
DA:13,1
DA:15,1
DA:16,1
DA:18,1
DA:20,1
DA:22,1
DA:23,1
DA:24,1
DA:25,1
DA:26,1
DA:31,1
DA:33,1
DA:34,1
DA:35,1
DA:36,1
DA:37,1
DA:40,1
DA:41,1
DA:42,1
DA:45,1
DA:47,1
DA:48,1
DA:49,1
DA:50,1
DA:51,1
DA:52,1
DA:54,1
DA:55,1
DA:56,1
DA:59,1
DA:60,1
DA:62,1
DA:63,1
DA:64,1
DA:65,1
DA:66,1
DA:68,1
DA:69,1
DA:71,1
DA:72,1
DA:73,1
DA:76,1
DA:78,1
DA:79,1
DA:80,1
DA:81,1
DA:84,1
DA:85,1
DA:88,1
DA:90,1
DA:91,1
DA:92,1
DA:93,1
DA:94,1
DA:96,1
DA:97,1
DA:98,1
DA:102,1
DA:103,1
DA:105,1
DA:106,1
DA:107,1
DA:108,1
DA:111,1
DA:112,1
DA:113,1
DA:114,1
DA:116,1
DA:117,1
DA:118,1
DA:120,0
DA:121,0
DA:126,1
DA:128,1
DA:129,1
DA:130,1
DA:132,1
DA:133,1
DA:134,1
DA:135,1
DA:136,1
DA:138,0
DA:139,0
LF:91
LH:86
BRDA:5,1,0,1
BRDA:5,1,1,0
BRF:2
BRH:1
end_of_record
TN:
SF:C:\Users\hugo\Documents\ITProjects\socialup\server\js\scheduler.js
FN:14,(anonymous_1)
FN:19,scheduleEvent
FN:29,addEventToSchedule
FN:35,(anonymous_4)
FN:49,(anonymous_5)
FN:59,cancelEvent
FN:70,deleteEventFromUser
FN:83,saveScheduledEvent
FN:88,loadScheduledEvents
FN:89,(anonymous_10)
FN:92,(anonymous_11)
FN:95,(anonymous_12)
FNF:12
FNH:7
FNDA:6,(anonymous_1)
FNDA:7,scheduleEvent
FNDA:7,addEventToSchedule
FNDA:6,(anonymous_4)
FNDA:0,(anonymous_5)
FNDA:3,cancelEvent
FNDA:8,deleteEventFromUser
FNDA:2,saveScheduledEvent
FNDA:0,loadScheduledEvents
FNDA:0,(anonymous_10)
FNDA:0,(anonymous_11)
FNDA:0,(anonymous_12)
DA:2,1
DA:3,1
DA:4,1
DA:7,1
DA:8,1
DA:9,1
DA:12,1
DA:14,1
DA:15,6
DA:19,1
DA:21,7
DA:24,7
DA:26,7
DA:29,1
DA:32,7
DA:33,1
DA:35,7
DA:37,6
DA:38,6
DA:39,6
DA:41,6
DA:42,6
DA:43,0
DA:46,7
DA:49,1
DA:51,0
DA:52,0
DA:53,0
DA:54,0
DA:55,0
DA:59,1
DA:61,3
DA:62,1
DA:64,2
DA:65,2
DA:66,2
DA:70,1
DA:73,8
DA:74,47
DA:75,7
DA:76,7
DA:79,1
DA:83,1
DA:84,2
DA:85,2
DA:88,1
DA:89,0
DA:90,0
DA:91,0
DA:92,0
DA:93,0
DA:96,0
DA:100,1
DA:101,1
DA:102,1
DA:103,1
LF:56
LH:44
BRDA:32,1,0,1
BRDA:32,1,1,6
BRDA:42,2,0,0
BRDA:42,2,1,6
BRDA:54,3,0,0
BRDA:54,3,1,0
BRDA:61,4,0,1
BRDA:61,4,1,2
BRDA:74,5,0,7
BRDA:74,5,1,40
BRDA:91,6,0,0
BRDA:91,6,1,0
BRF:12
BRH:7
end_of_record
TN:
SF:C:\Users\hugo\Documents\ITProjects\socialup\server\js\eventsDAO.js
FN:12,getDB
FN:13,(anonymous_2)
FN:22,saveScheduledEvent
FN:36,(anonymous_4)
FN:50,(anonymous_5)
FN:55,createEvent
FN:58,(anonymous_7)
FN:60,(anonymous_8)
FN:74,(anonymous_9)
FN:80,(anonymous_10)
FN:86,getEventToSave
FN:98,(anonymous_12)
FN:102,updateScheduledEventAfterExecution
FN:105,updateScheduledEventAfterError
FN:108,(anonymous_15)
FN:111,(anonymous_16)
FN:114,updateEvent
FN:117,(anonymous_18)
FN:119,(anonymous_19)
FN:132,deleteScheduledEvent
FN:135,(anonymous_21)
FN:139,(anonymous_22)
FN:145,(anonymous_23)
FN:152,deleteEvent
FN:154,(anonymous_25)
FN:155,(anonymous_26)
FN:169,retrieveScheduledEvents
FN:172,(anonymous_28)
FN:175,retrieveEvents
FN:184,(anonymous_30)
FN:188,(anonymous_31)
FN:189,(anonymous_32)
FN:201,retrieveScheduledEventsByUser
FN:204,(anonymous_34)
FN:207,(anonymous_35)
FN:210,retrieveEventsByQuery
FN:212,(anonymous_37)
FN:217,(anonymous_38)
FN:229,retrieveScheduledEvent
FN:232,retrieveChainedEvent
FN:235,retrieveEvent
FN:237,(anonymous_42)
FN:238,(anonymous_43)
FNF:43
FNH:6
FNDA:2,getDB
FNDA:2,(anonymous_2)
FNDA:2,saveScheduledEvent
FNDA:0,(anonymous_4)
FNDA:0,(anonymous_5)
FNDA:2,createEvent
FNDA:2,(anonymous_7)
FNDA:2,(anonymous_8)
FNDA:0,(anonymous_9)
FNDA:0,(anonymous_10)
FNDA:0,getEventToSave
FNDA:0,(anonymous_12)
FNDA:0,updateScheduledEventAfterExecution
FNDA:0,updateScheduledEventAfterError
FNDA:0,(anonymous_15)
FNDA:0,(anonymous_16)
FNDA:0,updateEvent
FNDA:0,(anonymous_18)
FNDA:0,(anonymous_19)
FNDA:0,deleteScheduledEvent
FNDA:0,(anonymous_21)
FNDA:0,(anonymous_22)
FNDA:0,(anonymous_23)
FNDA:0,deleteEvent
FNDA:0,(anonymous_25)
FNDA:0,(anonymous_26)
FNDA:0,retrieveScheduledEvents
FNDA:0,(anonymous_28)
FNDA:0,retrieveEvents
FNDA:0,(anonymous_30)
FNDA:0,(anonymous_31)
FNDA:0,(anonymous_32)
FNDA:0,retrieveScheduledEventsByUser
FNDA:0,(anonymous_34)
FNDA:0,(anonymous_35)
FNDA:0,retrieveEventsByQuery
FNDA:0,(anonymous_37)
FNDA:0,(anonymous_38)
FNDA:0,retrieveScheduledEvent
FNDA:0,retrieveChainedEvent
FNDA:0,retrieveEvent
FNDA:0,(anonymous_42)
FNDA:0,(anonymous_43)
DA:2,1
DA:3,1
DA:4,1
DA:5,1
DA:7,1
DA:8,1
DA:9,1
DA:10,1
DA:12,1
DA:13,2
DA:14,2
DA:15,0
DA:17,2
DA:22,1
DA:24,2
DA:34,2
DA:36,1
DA:38,0
DA:50,0
DA:51,0
DA:55,1
DA:57,2
DA:58,2
DA:60,2
DA:61,2
DA:62,2
DA:63,0
DA:65,2
DA:66,0
DA:67,2
DA:71,2
DA:74,1
DA:76,0
DA:77,0
DA:78,0
DA:80,1
DA:82,0
DA:83,0
DA:84,0
DA:86,1
DA:88,0
DA:98,1
DA:99,0
DA:100,0
DA:102,1
DA:103,0
DA:105,1
DA:106,0
DA:108,1
DA:109,0
DA:111,1
DA:112,0
DA:114,1
DA:116,0
DA:117,0
DA:119,0
DA:120,0
DA:121,0
DA:122,0
DA:125,0
DA:129,0
DA:132,1
DA:133,0
DA:135,1
DA:136,0
DA:139,0
DA:140,0
DA:141,0
DA:145,1
DA:146,0
DA:149,0
DA:152,1
DA:153,0
DA:154,0
DA:155,0
DA:156,0
DA:157,0
DA:158,0
DA:160,0
DA:161,0
DA:162,0
DA:166,0
DA:169,1
DA:170,0
DA:172,1
DA:173,0
DA:175,1
DA:177,0
DA:179,0
DA:183,0
DA:184,0
DA:185,0
DA:188,0
DA:189,0
DA:190,0
DA:191,0
DA:192,0
DA:194,0
DA:198,0
DA:201,1
DA:202,0
DA:204,1
DA:205,0
DA:207,1
DA:208,0
DA:210,1
DA:211,0
DA:212,0
DA:213,0
DA:214,0
DA:215,0
DA:217,0
DA:218,0
DA:219,0
DA:220,0
DA:222,0
DA:226,0
DA:229,1
DA:230,0
DA:232,1
DA:233,0
DA:235,1
DA:236,0
DA:237,0
DA:238,0
DA:239,0
DA:240,0
DA:241,0
DA:243,0
DA:247,0
DA:250,1
DA:251,1
DA:252,1
DA:253,1
DA:254,1
DA:255,1
DA:256,1
DA:257,1
LF:138
LH:56
BRDA:14,1,0,0
BRDA:14,1,1,2
BRDA:62,2,0,0
BRDA:62,2,1,2
BRDA:65,3,0,0
BRDA:65,3,1,2
BRDA:121,4,0,0
BRDA:121,4,1,0
BRDA:140,5,0,0
BRDA:140,5,1,0
BRDA:157,6,0,0
BRDA:157,6,1,0
BRDA:160,7,0,0
BRDA:160,7,1,0
BRDA:183,8,0,0
BRDA:183,8,1,0
BRDA:191,9,0,0
BRDA:191,9,1,0
BRDA:214,10,0,0
BRDA:214,10,1,0
BRDA:219,11,0,0
BRDA:219,11,1,0
BRDA:240,12,0,0
BRDA:240,12,1,0
BRF:24
BRH:3
end_of_record
TN:
SF:C:\Users\hugo\Documents\ITProjects\socialup\server\test\twitterAPI.js
FN:13,(anonymous_1)
FN:31,(anonymous_2)
FN:35,(anonymous_3)
FN:39,(anonymous_4)
FN:43,(anonymous_5)
FN:47,(anonymous_6)
FN:53,(anonymous_7)
FNF:7
FNH:7
FNDA:1,(anonymous_1)
FNDA:1,(anonymous_2)
FNDA:1,(anonymous_3)
FNDA:1,(anonymous_4)
FNDA:1,(anonymous_5)
FNDA:1,(anonymous_6)
FNDA:1,(anonymous_7)
DA:1,1
DA:2,1
DA:3,1
DA:7,1
DA:9,1
DA:11,1
DA:13,1
DA:15,1
DA:26,1
DA:27,1
DA:28,1
DA:29,1
DA:31,1
DA:32,1
DA:35,1
DA:36,1
DA:39,1
DA:40,1
DA:43,1
DA:44,1
DA:47,1
DA:48,1
DA:49,1
DA:50,1
DA:53,1
DA:54,1
LF:26
LH:26
BRF:0
BRH:0
end_of_record
TN:
SF:C:\Users\hugo\Documents\ITProjects\socialup\server\js\twitterAPI.js
FN:25,getOAuthURL
FN:30,getTokens
FN:51,(anonymous_3)
FN:64,inLineParams
FN:69,(anonymous_5)
FN:76,createSignatureBaseString
FN:81,(anonymous_7)
FN:86,createSigningKey
FN:89,createSignature
FN:96,getSignature
FN:103,percentEncode
FN:104,(anonymous_12)
FN:110,getAccessToken
FN:140,(anonymous_14)
FN:154,postMessage
FN:180,(anonymous_16)
FN:197,getTweets
FN:221,(anonymous_18)
FN:236,(anonymous_19)
FN:238,(anonymous_20)
FN:243,getUserInfo
FN:245,(anonymous_22)
FN:251,processGetRequest
FN:271,(anonymous_24)
FN:281,bodyToTokens
FNF:25
FNH:9
FNDA:1,getOAuthURL
FNDA:0,getTokens
FNDA:0,(anonymous_3)
FNDA:0,inLineParams
FNDA:0,(anonymous_5)
FNDA:2,createSignatureBaseString
FNDA:16,(anonymous_7)
FNDA:2,createSigningKey
FNDA:2,createSignature
FNDA:1,getSignature
FNDA:24,percentEncode
FNDA:2,(anonymous_12)
FNDA:0,getAccessToken
FNDA:0,(anonymous_14)
FNDA:0,postMessage
FNDA:0,(anonymous_16)
FNDA:0,getTweets
FNDA:0,(anonymous_18)
FNDA:0,(anonymous_19)
FNDA:0,(anonymous_20)
FNDA:0,getUserInfo
FNDA:0,(anonymous_22)
FNDA:0,processGetRequest
FNDA:0,(anonymous_24)
FNDA:1,bodyToTokens
DA:8,1
DA:9,1
DA:10,1
DA:11,1
DA:12,1
DA:13,1
DA:14,1
DA:15,1
DA:18,1
DA:19,1
DA:21,1
DA:22,1
DA:23,1
DA:25,1
DA:26,1
DA:30,1
DA:32,0
DA:33,0
DA:42,0
DA:43,0
DA:45,0
DA:53,0
DA:54,0
DA:58,0
DA:61,0
DA:64,1
DA:66,0
DA:67,0
DA:68,0
DA:69,0
DA:70,0
DA:72,0
DA:76,1
DA:78,2
DA:79,2
DA:80,2
DA:81,2
DA:82,16
DA:84,2
DA:86,1
DA:87,2
DA:89,1
DA:90,2
DA:92,2
DA:96,1
DA:97,1
DA:99,1
DA:103,1
DA:104,24
DA:105,2
DA:110,1
DA:112,0
DA:113,0
DA:123,0
DA:124,0
DA:125,0
DA:127,0
DA:129,0
DA:131,0
DA:144,0
DA:145,0
DA:148,0
DA:151,0
DA:154,1
DA:156,0
DA:157,0
DA:165,0
DA:166,0
DA:168,0
DA:169,0
DA:171,0
DA:183,0
DA:184,0
DA:188,0
DA:189,0
DA:190,0
DA:191,0
DA:194,0
DA:197,1
DA:199,0
DA:200,0
DA:209,0
DA:210,0
DA:212,0
DA:213,0
DA:215,0
DA:225,0
DA:226,0
DA:229,0
DA:232,0
DA:236,1
DA:238,0
DA:239,0
DA:243,1
DA:245,0
DA:246,0
DA:247,0
DA:251,1
DA:253,0
DA:255,0
DA:263,0
DA:264,0
DA:265,0
DA:272,0
DA:273,0
DA:275,0
DA:278,0
DA:281,1
DA:283,1
DA:284,1
DA:285,1
DA:286,2
DA:287,2
DA:289,1
DA:292,1
DA:293,1
DA:294,1
DA:295,1
DA:296,1
DA:297,1
DA:298,1
DA:299,1
DA:300,1
DA:301,1
DA:302,1
LF:125
LH:59
BRDA:53,1,0,0
BRDA:53,1,1,0
BRDA:125,2,0,0
BRDA:125,2,1,0
BRDA:144,3,0,0
BRDA:144,3,1,0
BRDA:183,4,0,0
BRDA:183,4,1,0
BRDA:225,5,0,0
BRDA:225,5,1,0
BRDA:272,6,0,0
BRDA:272,6,1,0
BRF:12
BRH:0
end_of_record
TN:
SF:C:\Users\hugo\Documents\ITProjects\socialup\server\test\userDAO.js
FN:13,(anonymous_1)
FN:15,deleteTestData
FN:18,(anonymous_3)
FN:19,(anonymous_4)
FN:26,(anonymous_5)
FN:31,(anonymous_6)
FN:36,(anonymous_7)
FN:41,(anonymous_8)
FN:47,(anonymous_9)
FN:49,(anonymous_10)
FN:55,(anonymous_11)
FN:61,(anonymous_12)
FN:66,(anonymous_13)
FN:71,(anonymous_14)
FNF:14
FNH:13
FNDA:1,(anonymous_1)
FNDA:2,deleteTestData
FNDA:2,(anonymous_3)
FNDA:2,(anonymous_4)
FNDA:1,(anonymous_5)
FNDA:1,(anonymous_6)
FNDA:1,(anonymous_7)
FNDA:1,(anonymous_8)
FNDA:1,(anonymous_9)
FNDA:1,(anonymous_10)
FNDA:1,(anonymous_11)
FNDA:1,(anonymous_12)
FNDA:1,(anonymous_13)
FNDA:0,(anonymous_14)
DA:1,1
DA:2,1
DA:4,1
DA:5,0
DA:6,0
DA:8,0
DA:11,1
DA:13,1
DA:15,1
DA:17,2
DA:18,2
DA:19,2
DA:20,2
DA:21,2
DA:26,1
DA:27,1
DA:28,1
DA:31,1
DA:32,1
DA:33,1
DA:36,1
DA:37,1
DA:38,1
DA:41,1
DA:42,1
DA:43,1
DA:47,1
DA:48,1
DA:49,1
DA:50,1
DA:51,1
DA:55,1
DA:56,1
DA:57,1
DA:61,1
DA:63,1
DA:64,1
DA:65,1
DA:66,1
DA:68,1
DA:69,1
DA:70,1
DA:72,0
DA:73,0
LF:44
LH:39
BRDA:4,1,0,0
BRDA:4,1,1,1
BRF:2
BRH:1
end_of_record
TN:
SF:C:\Users\hugo\Documents\ITProjects\socialup\server\js\facebookAPI.js
FN:19,pushCode
FN:30,(anonymous_2)
FN:33,(anonymous_3)
FN:36,(anonymous_4)
FN:42,(anonymous_5)
FN:52,refreshTokens
FN:62,(anonymous_7)
FN:65,(anonymous_8)
FN:68,(anonymous_9)
FN:75,(anonymous_10)
FN:85,saveTokensForUser
FN:93,tagsAsHashtags
FN:104,(anonymous_13)
FN:106,(anonymous_14)
FN:112,sendVideo
FN:139,(anonymous_16)
FN:161,getVideoData
FN:163,(anonymous_18)
FN:169,getOAuthURL
FN:173,postMessage
FN:176,(anonymous_21)
FN:180,publishOnFeed
FN:195,(anonymous_23)
FN:209,(anonymous_24)
FN:211,(anonymous_25)
FN:219,getUserInfo
FN:221,(anonymous_27)
FN:226,processGetRequest
FN:238,(anonymous_29)
FN:240,(anonymous_30)
FN:243,(anonymous_31)
FN:247,(anonymous_32)
FN:257,(anonymous_33)
FN:260,(anonymous_34)
FN:267,(anonymous_35)
FN:274,(anonymous_36)
FNF:36
FNH:1
FNDA:0,pushCode
FNDA:0,(anonymous_2)
FNDA:0,(anonymous_3)
FNDA:0,(anonymous_4)
FNDA:0,(anonymous_5)
FNDA:0,refreshTokens
FNDA:0,(anonymous_7)
FNDA:0,(anonymous_8)
FNDA:0,(anonymous_9)
FNDA:0,(anonymous_10)
FNDA:0,saveTokensForUser
FNDA:0,tagsAsHashtags
FNDA:0,(anonymous_13)
FNDA:0,(anonymous_14)
FNDA:0,sendVideo
FNDA:0,(anonymous_16)
FNDA:0,getVideoData
FNDA:0,(anonymous_18)
FNDA:2,getOAuthURL
FNDA:0,postMessage
FNDA:0,(anonymous_21)
FNDA:0,publishOnFeed
FNDA:0,(anonymous_23)
FNDA:0,(anonymous_24)
FNDA:0,(anonymous_25)
FNDA:0,getUserInfo
FNDA:0,(anonymous_27)
FNDA:0,processGetRequest
FNDA:0,(anonymous_29)
FNDA:0,(anonymous_30)
FNDA:0,(anonymous_31)
FNDA:0,(anonymous_32)
FNDA:0,(anonymous_33)
FNDA:0,(anonymous_34)
FNDA:0,(anonymous_35)
FNDA:0,(anonymous_36)
DA:8,1
DA:9,1
DA:10,1
DA:12,1
DA:13,1
DA:14,1
DA:15,1
DA:16,1
DA:17,1
DA:19,1
DA:21,0
DA:23,0
DA:30,0
DA:32,0
DA:33,0
DA:34,0
DA:36,0
DA:37,0
DA:38,0
DA:42,0
DA:43,0
DA:44,0
DA:47,0
DA:49,0
DA:52,1
DA:54,0
DA:55,0
DA:62,0
DA:64,0
DA:65,0
DA:66,0
DA:68,0
DA:69,0
DA:70,0
DA:71,0
DA:75,0
DA:76,0
DA:77,0
DA:80,0
DA:82,0
DA:85,1
DA:87,0
DA:88,0
DA:89,0
DA:90,0
DA:93,1
DA:94,0
DA:95,0
DA:97,0
DA:98,0
DA:99,0
DA:101,0
DA:104,1
DA:106,0
DA:107,0
DA:112,1
DA:117,0
DA:119,0
DA:121,0
DA:122,0
DA:129,0
DA:141,0
DA:142,0
DA:144,0
DA:145,0
DA:149,0
DA:157,0
DA:161,1
DA:163,0
DA:164,0
DA:169,1
DA:170,2
DA:173,1
DA:174,0
DA:176,1
DA:178,0
DA:180,1
DA:182,0
DA:184,0
DA:185,0
DA:187,0
DA:189,0
DA:190,0
DA:197,0
DA:198,0
DA:200,0
DA:201,0
DA:202,0
DA:203,0
DA:206,0
DA:209,1
DA:211,0
DA:212,0
DA:213,0
DA:219,1
DA:221,0
DA:222,0
DA:226,1
DA:228,0
DA:229,0
DA:238,0
DA:239,0
DA:240,0
DA:241,0
DA:243,0
DA:244,0
DA:247,0
DA:248,0
DA:249,0
DA:251,0
DA:253,0
DA:257,1
DA:259,0
DA:260,0
DA:262,0
DA:267,1
DA:274,0
DA:276,0
DA:280,1
DA:281,1
DA:282,1
DA:283,1
DA:284,1
DA:285,1
DA:286,1
LF:125
LH:33
BRDA:94,1,0,0
BRDA:94,1,1,0
BRDA:121,2,0,0
BRDA:121,2,1,0
BRDA:141,3,0,0
BRDA:141,3,1,0
BRDA:184,4,0,0
BRDA:184,4,1,0
BRDA:197,5,0,0
BRDA:197,5,1,0
BRDA:232,6,0,0
BRDA:232,6,1,0
BRF:12
BRH:0
end_of_record
